2015.01.25 16:04 B C:\Users\Kevin\Google Drive\BiiEmergenseeWeb\Bii Web\BiiEmergenSEE\font-awesome-4.1.0\scss\_bordered-pulled.scss --> firstfamilyalert.com /font-awesome-4.1.0/scss _bordered-pulled.scss
2015.01.25 16:04 B C:\Users\Kevin\Google Drive\BiiEmergenseeWeb\Bii Web\BiiEmergenSEE\font-awesome-4.1.0\scss\_core.scss --> firstfamilyalert.com /font-awesome-4.1.0/scss _core.scss
2015.01.25 16:04 B C:\Users\Kevin\Google Drive\BiiEmergenseeWeb\Bii Web\BiiEmergenSEE\font-awesome-4.1.0\scss\_fixed-width.scss --> firstfamilyalert.com /font-awesome-4.1.0/scss _fixed-width.scss
2015.01.25 16:04 B C:\Users\Kevin\Google Drive\BiiEmergenseeWeb\Bii Web\BiiEmergenSEE\font-awesome-4.1.0\scss\_icons.scss --> firstfamilyalert.com /font-awesome-4.1.0/scss _icons.scss
2015.01.25 16:04 B C:\Users\Kevin\Google Drive\BiiEmergenseeWeb\Bii Web\BiiEmergenSEE\font-awesome-4.1.0\scss\_larger.scss --> firstfamilyalert.com /font-awesome-4.1.0/scss _larger.scss
2015.01.25 16:04 B C:\Users\Kevin\Google Drive\BiiEmergenseeWeb\Bii Web\BiiEmergenSEE\font-awesome-4.1.0\scss\_list.scss --> firstfamilyalert.com /font-awesome-4.1.0/scss _list.scss
2015.01.25 16:04 B C:\Users\Kevin\Google Drive\BiiEmergenseeWeb\Bii Web\BiiEmergenSEE\font-awesome-4.1.0\scss\_mixins.scss --> firstfamilyalert.com /font-awesome-4.1.0/scss _mixins.scss
2015.01.25 16:04 B C:\Users\Kevin\Google Drive\BiiEmergenseeWeb\Bii Web\BiiEmergenSEE\font-awesome-4.1.0\scss\_path.scss --> firstfamilyalert.com /font-awesome-4.1.0/scss _path.scss
2015.01.25 16:04 B C:\Users\Kevin\Google Drive\BiiEmergenseeWeb\Bii Web\BiiEmergenSEE\font-awesome-4.1.0\scss\_rotated-flipped.scss --> firstfamilyalert.com /font-awesome-4.1.0/scss _rotated-flipped.scss
2015.01.25 16:04 B C:\Users\Kevin\Google Drive\BiiEmergenseeWeb\Bii Web\BiiEmergenSEE\font-awesome-4.1.0\scss\_spinning.scss --> firstfamilyalert.com /font-awesome-4.1.0/scss _spinning.scss
2015.01.25 16:04 B C:\Users\Kevin\Google Drive\BiiEmergenseeWeb\Bii Web\BiiEmergenSEE\font-awesome-4.1.0\scss\_stacked.scss --> firstfamilyalert.com /font-awesome-4.1.0/scss _stacked.scss
2015.01.25 16:04 B C:\Users\Kevin\Google Drive\BiiEmergenseeWeb\Bii Web\BiiEmergenSEE\font-awesome-4.1.0\scss\_variables.scss --> firstfamilyalert.com /font-awesome-4.1.0/scss _variables.scss
2015.01.25 16:04 B C:\Users\Kevin\Google Drive\BiiEmergenseeWeb\Bii Web\BiiEmergenSEE\font-awesome-4.1.0\scss\desktop.ini --> firstfamilyalert.com /font-awesome-4.1.0/scss desktop.ini
2015.01.25 16:04 B C:\Users\Kevin\Google Drive\BiiEmergenseeWeb\Bii Web\BiiEmergenSEE\font-awesome-4.1.0\scss\font-awesome.scss --> firstfamilyalert.com /font-awesome-4.1.0/scss font-awesome.scss
2015.01.25 17:03 B C:\Users\Kevin\Google Drive\BiiEmergenseeWeb\Bii Web\BiiEmergenSEE\font-awesome-4.1.0\scss\_bordered-pulled.scss --> firstfamilyalert.com /font-awesome-4.1.0/scss _bordered-pulled.scss
2015.01.25 17:04 B C:\Users\Kevin\Google Drive\BiiEmergenseeWeb\Bii Web\BiiEmergenSEE\font-awesome-4.1.0\scss\_core.scss --> firstfamilyalert.com /font-awesome-4.1.0/scss _core.scss
2015.01.25 17:04 B C:\Users\Kevin\Google Drive\BiiEmergenseeWeb\Bii Web\BiiEmergenSEE\font-awesome-4.1.0\scss\_fixed-width.scss --> firstfamilyalert.com /font-awesome-4.1.0/scss _fixed-width.scss
2015.01.25 17:04 B C:\Users\Kevin\Google Drive\BiiEmergenseeWeb\Bii Web\BiiEmergenSEE\font-awesome-4.1.0\scss\_icons.scss --> firstfamilyalert.com /font-awesome-4.1.0/scss _icons.scss
2015.01.25 17:04 B C:\Users\Kevin\Google Drive\BiiEmergenseeWeb\Bii Web\BiiEmergenSEE\font-awesome-4.1.0\scss\_larger.scss --> firstfamilyalert.com /font-awesome-4.1.0/scss _larger.scss
2015.01.25 17:04 B C:\Users\Kevin\Google Drive\BiiEmergenseeWeb\Bii Web\BiiEmergenSEE\font-awesome-4.1.0\scss\_list.scss --> firstfamilyalert.com /font-awesome-4.1.0/scss _list.scss
2015.01.25 17:04 B C:\Users\Kevin\Google Drive\BiiEmergenseeWeb\Bii Web\BiiEmergenSEE\font-awesome-4.1.0\scss\_mixins.scss --> firstfamilyalert.com /font-awesome-4.1.0/scss _mixins.scss
2015.01.25 17:04 B C:\Users\Kevin\Google Drive\BiiEmergenseeWeb\Bii Web\BiiEmergenSEE\font-awesome-4.1.0\scss\_path.scss --> firstfamilyalert.com /font-awesome-4.1.0/scss _path.scss
2015.01.25 17:04 B C:\Users\Kevin\Google Drive\BiiEmergenseeWeb\Bii Web\BiiEmergenSEE\font-awesome-4.1.0\scss\_rotated-flipped.scss --> firstfamilyalert.com /font-awesome-4.1.0/scss _rotated-flipped.scss
2015.01.25 17:04 B C:\Users\Kevin\Google Drive\BiiEmergenseeWeb\Bii Web\BiiEmergenSEE\font-awesome-4.1.0\scss\_spinning.scss --> firstfamilyalert.com /font-awesome-4.1.0/scss _spinning.scss
2015.01.25 17:04 B C:\Users\Kevin\Google Drive\BiiEmergenseeWeb\Bii Web\BiiEmergenSEE\font-awesome-4.1.0\scss\_stacked.scss --> firstfamilyalert.com /font-awesome-4.1.0/scss _stacked.scss
2015.01.25 17:04 B C:\Users\Kevin\Google Drive\BiiEmergenseeWeb\Bii Web\BiiEmergenSEE\font-awesome-4.1.0\scss\_variables.scss --> firstfamilyalert.com /font-awesome-4.1.0/scss _variables.scss
2015.01.25 17:04 B C:\Users\Kevin\Google Drive\BiiEmergenseeWeb\Bii Web\BiiEmergenSEE\font-awesome-4.1.0\scss\desktop.ini --> firstfamilyalert.com /font-awesome-4.1.0/scss desktop.ini
2015.01.25 17:04 B C:\Users\Kevin\Google Drive\BiiEmergenseeWeb\Bii Web\BiiEmergenSEE\font-awesome-4.1.0\scss\font-awesome.scss --> firstfamilyalert.com /font-awesome-4.1.0/scss font-awesome.scss
2015.01.25 17:04 B C:\Users\Kevin\Google Drive\BiiEmergenseeWeb\Bii Web\BiiEmergenSEE\font-awesome-4.1.0\scss\WS_FTP.LOG --> firstfamilyalert.com /font-awesome-4.1.0/scss WS_FTP.LOG
2015.01.25 17:13 B C:\Users\Kevin\Google Drive\BiiEmergenseeWeb\Bii Web\BiiEmergenSEE\font-awesome-4.1.0\scss\_bordered-pulled.scss --> firstfamilyalert.com /font-awesome-4.1.0/scss _bordered-pulled.scss
2015.01.25 17:13 B C:\Users\Kevin\Google Drive\BiiEmergenseeWeb\Bii Web\BiiEmergenSEE\font-awesome-4.1.0\scss\_core.scss --> firstfamilyalert.com /font-awesome-4.1.0/scss _core.scss
2015.01.25 17:13 B C:\Users\Kevin\Google Drive\BiiEmergenseeWeb\Bii Web\BiiEmergenSEE\font-awesome-4.1.0\scss\_fixed-width.scss --> firstfamilyalert.com /font-awesome-4.1.0/scss _fixed-width.scss
2015.01.25 17:13 B C:\Users\Kevin\Google Drive\BiiEmergenseeWeb\Bii Web\BiiEmergenSEE\font-awesome-4.1.0\scss\_icons.scss --> firstfamilyalert.com /font-awesome-4.1.0/scss _icons.scss
2015.01.25 17:13 B C:\Users\Kevin\Google Drive\BiiEmergenseeWeb\Bii Web\BiiEmergenSEE\font-awesome-4.1.0\scss\_larger.scss --> firstfamilyalert.com /font-awesome-4.1.0/scss _larger.scss
2015.01.25 17:13 B C:\Users\Kevin\Google Drive\BiiEmergenseeWeb\Bii Web\BiiEmergenSEE\font-awesome-4.1.0\scss\_list.scss --> firstfamilyalert.com /font-awesome-4.1.0/scss _list.scss
2015.01.25 17:13 B C:\Users\Kevin\Google Drive\BiiEmergenseeWeb\Bii Web\BiiEmergenSEE\font-awesome-4.1.0\scss\_mixins.scss --> firstfamilyalert.com /font-awesome-4.1.0/scss _mixins.scss
2015.01.25 17:13 B C:\Users\Kevin\Google Drive\BiiEmergenseeWeb\Bii Web\BiiEmergenSEE\font-awesome-4.1.0\scss\_path.scss --> firstfamilyalert.com /font-awesome-4.1.0/scss _path.scss
2015.01.25 17:13 B C:\Users\Kevin\Google Drive\BiiEmergenseeWeb\Bii Web\BiiEmergenSEE\font-awesome-4.1.0\scss\_rotated-flipped.scss --> firstfamilyalert.com /font-awesome-4.1.0/scss _rotated-flipped.scss
2015.01.25 17:13 B C:\Users\Kevin\Google Drive\BiiEmergenseeWeb\Bii Web\BiiEmergenSEE\font-awesome-4.1.0\scss\_spinning.scss --> firstfamilyalert.com /font-awesome-4.1.0/scss _spinning.scss
2015.01.25 17:13 B C:\Users\Kevin\Google Drive\BiiEmergenseeWeb\Bii Web\BiiEmergenSEE\font-awesome-4.1.0\scss\_stacked.scss --> firstfamilyalert.com /font-awesome-4.1.0/scss _stacked.scss
2015.01.25 17:13 B C:\Users\Kevin\Google Drive\BiiEmergenseeWeb\Bii Web\BiiEmergenSEE\font-awesome-4.1.0\scss\_variables.scss --> firstfamilyalert.com /font-awesome-4.1.0/scss _variables.scss
2015.01.25 17:13 B C:\Users\Kevin\Google Drive\BiiEmergenseeWeb\Bii Web\BiiEmergenSEE\font-awesome-4.1.0\scss\desktop.ini --> firstfamilyalert.com /font-awesome-4.1.0/scss desktop.ini
2015.01.25 17:13 B C:\Users\Kevin\Google Drive\BiiEmergenseeWeb\Bii Web\BiiEmergenSEE\font-awesome-4.1.0\scss\font-awesome.scss --> firstfamilyalert.com /font-awesome-4.1.0/scss font-awesome.scss
2015.01.25 21:14 B C:\Users\Kevin\Google Drive\BiiEmergenseeWeb\Bii Web\BiiEmergenSEE\font-awesome-4.1.0\scss\WS_FTP.LOG <-- Kevin /font-awesome-4.1.0/scss WS_FTP.LOG
