2015.01.25 16:04 B C:\Users\Kevin\Google Drive\BiiEmergenseeWeb\Bii Web\BiiEmergenSEE\css\adminEmer.css --> firstfamilyalert.com /css adminEmer.css
2015.01.25 16:04 B C:\Users\Kevin\Google Drive\BiiEmergenseeWeb\Bii Web\BiiEmergenSEE\css\ajax-loader.gif --> firstfamilyalert.com /css ajax-loader.gif
2015.01.25 16:04 B C:\Users\Kevin\Google Drive\BiiEmergenseeWeb\Bii Web\BiiEmergenSEE\css\animate.css --> firstfamilyalert.com /css animate.css
2015.01.25 16:04 B C:\Users\Kevin\Google Drive\BiiEmergenseeWeb\Bii Web\BiiEmergenSEE\css\bootstrap.css --> firstfamilyalert.com /css bootstrap.css
2015.01.25 16:04 B C:\Users\Kevin\Google Drive\BiiEmergenseeWeb\Bii Web\BiiEmergenSEE\css\bootstrap.min.css --> firstfamilyalert.com /css bootstrap.min.css
2015.01.25 16:04 B C:\Users\Kevin\Google Drive\BiiEmergenseeWeb\Bii Web\BiiEmergenSEE\css\bootstrap1.css --> firstfamilyalert.com /css bootstrap1.css
2015.01.25 16:04 B C:\Users\Kevin\Google Drive\BiiEmergenseeWeb\Bii Web\BiiEmergenSEE\css\desktop.ini --> firstfamilyalert.com /css desktop.ini
2015.01.25 16:04 B C:\Users\Kevin\Google Drive\BiiEmergenseeWeb\Bii Web\BiiEmergenSEE\css\font-awesome.min.css --> firstfamilyalert.com /css font-awesome.min.css
2015.01.25 16:04 B C:\Users\Kevin\Google Drive\BiiEmergenseeWeb\Bii Web\BiiEmergenSEE\css\freeze.css --> firstfamilyalert.com /css freeze.css
2015.01.25 16:04 B C:\Users\Kevin\Google Drive\BiiEmergenseeWeb\Bii Web\BiiEmergenSEE\css\slick.css --> firstfamilyalert.com /css slick.css
2015.01.25 17:03 B C:\Users\Kevin\Google Drive\BiiEmergenseeWeb\Bii Web\BiiEmergenSEE\css\adminEmer.css --> firstfamilyalert.com /css adminEmer.css
2015.01.25 17:03 B C:\Users\Kevin\Google Drive\BiiEmergenseeWeb\Bii Web\BiiEmergenSEE\css\ajax-loader.gif --> firstfamilyalert.com /css ajax-loader.gif
2015.01.25 17:03 B C:\Users\Kevin\Google Drive\BiiEmergenseeWeb\Bii Web\BiiEmergenSEE\css\animate.css --> firstfamilyalert.com /css animate.css
2015.01.25 17:03 B C:\Users\Kevin\Google Drive\BiiEmergenseeWeb\Bii Web\BiiEmergenSEE\css\bootstrap.css --> firstfamilyalert.com /css bootstrap.css
2015.01.25 17:03 B C:\Users\Kevin\Google Drive\BiiEmergenseeWeb\Bii Web\BiiEmergenSEE\css\bootstrap.min.css --> firstfamilyalert.com /css bootstrap.min.css
2015.01.25 17:03 B C:\Users\Kevin\Google Drive\BiiEmergenseeWeb\Bii Web\BiiEmergenSEE\css\bootstrap1.css --> firstfamilyalert.com /css bootstrap1.css
2015.01.25 17:03 B C:\Users\Kevin\Google Drive\BiiEmergenseeWeb\Bii Web\BiiEmergenSEE\css\desktop.ini --> firstfamilyalert.com /css desktop.ini
2015.01.25 17:03 B C:\Users\Kevin\Google Drive\BiiEmergenseeWeb\Bii Web\BiiEmergenSEE\css\font-awesome.min.css --> firstfamilyalert.com /css font-awesome.min.css
2015.01.25 17:03 B C:\Users\Kevin\Google Drive\BiiEmergenseeWeb\Bii Web\BiiEmergenSEE\css\freeze.css --> firstfamilyalert.com /css freeze.css
2015.01.25 17:03 B C:\Users\Kevin\Google Drive\BiiEmergenseeWeb\Bii Web\BiiEmergenSEE\css\slick.css --> firstfamilyalert.com /css slick.css
2015.01.25 17:03 B C:\Users\Kevin\Google Drive\BiiEmergenseeWeb\Bii Web\BiiEmergenSEE\css\WS_FTP.LOG --> firstfamilyalert.com /css WS_FTP.LOG
2015.01.25 17:12 B C:\Users\Kevin\Google Drive\BiiEmergenseeWeb\Bii Web\BiiEmergenSEE\css\adminEmer.css --> firstfamilyalert.com /css adminEmer.css
2015.01.25 17:12 B C:\Users\Kevin\Google Drive\BiiEmergenseeWeb\Bii Web\BiiEmergenSEE\css\ajax-loader.gif --> firstfamilyalert.com /css ajax-loader.gif
2015.01.25 17:12 B C:\Users\Kevin\Google Drive\BiiEmergenseeWeb\Bii Web\BiiEmergenSEE\css\animate.css --> firstfamilyalert.com /css animate.css
2015.01.25 17:12 B C:\Users\Kevin\Google Drive\BiiEmergenseeWeb\Bii Web\BiiEmergenSEE\css\bootstrap.css --> firstfamilyalert.com /css bootstrap.css
2015.01.25 17:12 B C:\Users\Kevin\Google Drive\BiiEmergenseeWeb\Bii Web\BiiEmergenSEE\css\bootstrap.min.css --> firstfamilyalert.com /css bootstrap.min.css
2015.01.25 17:12 B C:\Users\Kevin\Google Drive\BiiEmergenseeWeb\Bii Web\BiiEmergenSEE\css\bootstrap1.css --> firstfamilyalert.com /css bootstrap1.css
2015.01.25 17:12 B C:\Users\Kevin\Google Drive\BiiEmergenseeWeb\Bii Web\BiiEmergenSEE\css\desktop.ini --> firstfamilyalert.com /css desktop.ini
2015.01.25 17:12 B C:\Users\Kevin\Google Drive\BiiEmergenseeWeb\Bii Web\BiiEmergenSEE\css\font-awesome.min.css --> firstfamilyalert.com /css font-awesome.min.css
2015.01.25 17:12 B C:\Users\Kevin\Google Drive\BiiEmergenseeWeb\Bii Web\BiiEmergenSEE\css\freeze.css --> firstfamilyalert.com /css freeze.css
2015.01.25 17:12 B C:\Users\Kevin\Google Drive\BiiEmergenseeWeb\Bii Web\BiiEmergenSEE\css\slick.css --> firstfamilyalert.com /css slick.css
2015.01.25 21:13 B C:\Users\Kevin\Google Drive\BiiEmergenseeWeb\Bii Web\BiiEmergenSEE\css\WS_FTP.LOG <-- Kevin /css WS_FTP.LOG
