2015.01.25 16:05 B C:\Users\Kevin\Google Drive\BiiEmergenseeWeb\Bii Web\BiiEmergenSEE\img\freeze\Slides\desktop.ini --> firstfamilyalert.com /img/freeze/Slides desktop.ini
2015.01.25 16:05 B C:\Users\Kevin\Google Drive\BiiEmergenseeWeb\Bii Web\BiiEmergenSEE\img\freeze\Slides\family-freeze.png --> firstfamilyalert.com /img/freeze/Slides family-freeze.png
2015.01.25 16:05 B C:\Users\Kevin\Google Drive\BiiEmergenseeWeb\Bii Web\BiiEmergenSEE\img\freeze\Slides\freeze-slide2.png --> firstfamilyalert.com /img/freeze/Slides freeze-slide2.png
2015.01.25 16:05 B C:\Users\Kevin\Google Drive\BiiEmergenseeWeb\Bii Web\BiiEmergenSEE\img\freeze\Slides\hand-freeze.png --> firstfamilyalert.com /img/freeze/Slides hand-freeze.png
2015.01.25 16:05 B C:\Users\Kevin\Google Drive\BiiEmergenseeWeb\Bii Web\BiiEmergenSEE\img\freeze\Slides\signup.jpg --> firstfamilyalert.com /img/freeze/Slides signup.jpg
2015.01.25 16:05 B C:\Users\Kevin\Google Drive\BiiEmergenseeWeb\Bii Web\BiiEmergenSEE\img\freeze\Slides\Thumbs.db --> firstfamilyalert.com /img/freeze/Slides Thumbs.db
2015.01.25 17:04 B C:\Users\Kevin\Google Drive\BiiEmergenseeWeb\Bii Web\BiiEmergenSEE\img\freeze\Slides\desktop.ini --> firstfamilyalert.com /img/freeze/Slides desktop.ini
2015.01.25 17:04 B C:\Users\Kevin\Google Drive\BiiEmergenseeWeb\Bii Web\BiiEmergenSEE\img\freeze\Slides\family-freeze.png --> firstfamilyalert.com /img/freeze/Slides family-freeze.png
2015.01.25 17:04 B C:\Users\Kevin\Google Drive\BiiEmergenseeWeb\Bii Web\BiiEmergenSEE\img\freeze\Slides\freeze-slide2.png --> firstfamilyalert.com /img/freeze/Slides freeze-slide2.png
2015.01.25 17:04 B C:\Users\Kevin\Google Drive\BiiEmergenseeWeb\Bii Web\BiiEmergenSEE\img\freeze\Slides\hand-freeze.png --> firstfamilyalert.com /img/freeze/Slides hand-freeze.png
2015.01.25 17:04 B C:\Users\Kevin\Google Drive\BiiEmergenseeWeb\Bii Web\BiiEmergenSEE\img\freeze\Slides\signup.jpg --> firstfamilyalert.com /img/freeze/Slides signup.jpg
2015.01.25 17:04 B C:\Users\Kevin\Google Drive\BiiEmergenseeWeb\Bii Web\BiiEmergenSEE\img\freeze\Slides\Thumbs.db --> firstfamilyalert.com /img/freeze/Slides Thumbs.db
2015.01.25 17:04 B C:\Users\Kevin\Google Drive\BiiEmergenseeWeb\Bii Web\BiiEmergenSEE\img\freeze\Slides\WS_FTP.LOG --> firstfamilyalert.com /img/freeze/Slides WS_FTP.LOG
2015.01.25 17:13 B C:\Users\Kevin\Google Drive\BiiEmergenseeWeb\Bii Web\BiiEmergenSEE\img\freeze\Slides\desktop.ini --> firstfamilyalert.com /img/freeze/Slides desktop.ini
2015.01.25 17:13 B C:\Users\Kevin\Google Drive\BiiEmergenseeWeb\Bii Web\BiiEmergenSEE\img\freeze\Slides\family-freeze.png --> firstfamilyalert.com /img/freeze/Slides family-freeze.png
2015.01.25 17:13 B C:\Users\Kevin\Google Drive\BiiEmergenseeWeb\Bii Web\BiiEmergenSEE\img\freeze\Slides\freeze-slide2.png --> firstfamilyalert.com /img/freeze/Slides freeze-slide2.png
2015.01.25 17:13 B C:\Users\Kevin\Google Drive\BiiEmergenseeWeb\Bii Web\BiiEmergenSEE\img\freeze\Slides\hand-freeze.png --> firstfamilyalert.com /img/freeze/Slides hand-freeze.png
2015.01.25 17:13 B C:\Users\Kevin\Google Drive\BiiEmergenseeWeb\Bii Web\BiiEmergenSEE\img\freeze\Slides\signup.jpg --> firstfamilyalert.com /img/freeze/Slides signup.jpg
2015.01.25 17:13 B C:\Users\Kevin\Google Drive\BiiEmergenseeWeb\Bii Web\BiiEmergenSEE\img\freeze\Slides\Thumbs.db --> firstfamilyalert.com /img/freeze/Slides Thumbs.db
2015.01.25 21:14 B C:\Users\Kevin\Google Drive\BiiEmergenseeWeb\Bii Web\BiiEmergenSEE\img\freeze\Slides\WS_FTP.LOG <-- Kevin /img/freeze/Slides WS_FTP.LOG
