2015.01.25 16:05 B C:\Users\Kevin\Google Drive\BiiEmergenseeWeb\Bii Web\BiiEmergenSEE\img\freeze\screens\calendar.jpg --> firstfamilyalert.com /img/freeze/screens calendar.jpg
2015.01.25 16:05 B C:\Users\Kevin\Google Drive\BiiEmergenseeWeb\Bii Web\BiiEmergenSEE\img\freeze\screens\desktop.ini --> firstfamilyalert.com /img/freeze/screens desktop.ini
2015.01.25 16:05 B C:\Users\Kevin\Google Drive\BiiEmergenseeWeb\Bii Web\BiiEmergenSEE\img\freeze\screens\menu.jpg --> firstfamilyalert.com /img/freeze/screens menu.jpg
2015.01.25 16:05 B C:\Users\Kevin\Google Drive\BiiEmergenseeWeb\Bii Web\BiiEmergenSEE\img\freeze\screens\myCircle.jpg --> firstfamilyalert.com /img/freeze/screens myCircle.jpg
2015.01.25 16:05 B C:\Users\Kevin\Google Drive\BiiEmergenseeWeb\Bii Web\BiiEmergenSEE\img\freeze\screens\myCircle.png --> firstfamilyalert.com /img/freeze/screens myCircle.png
2015.01.25 16:05 B C:\Users\Kevin\Google Drive\BiiEmergenseeWeb\Bii Web\BiiEmergenSEE\img\freeze\screens\options.jpg --> firstfamilyalert.com /img/freeze/screens options.jpg
2015.01.25 16:05 B C:\Users\Kevin\Google Drive\BiiEmergenseeWeb\Bii Web\BiiEmergenSEE\img\freeze\screens\profile.jpg --> firstfamilyalert.com /img/freeze/screens profile.jpg
2015.01.25 16:05 B C:\Users\Kevin\Google Drive\BiiEmergenseeWeb\Bii Web\BiiEmergenSEE\img\freeze\screens\signup.jpg --> firstfamilyalert.com /img/freeze/screens signup.jpg
2015.01.25 16:05 B C:\Users\Kevin\Google Drive\BiiEmergenseeWeb\Bii Web\BiiEmergenSEE\img\freeze\screens\Thumbs.db --> firstfamilyalert.com /img/freeze/screens Thumbs.db
2015.01.25 16:05 B C:\Users\Kevin\Google Drive\BiiEmergenseeWeb\Bii Web\BiiEmergenSEE\img\freeze\screens\weather.jpg --> firstfamilyalert.com /img/freeze/screens weather.jpg
2015.01.25 17:04 B C:\Users\Kevin\Google Drive\BiiEmergenseeWeb\Bii Web\BiiEmergenSEE\img\freeze\screens\calendar.jpg --> firstfamilyalert.com /img/freeze/screens calendar.jpg
2015.01.25 17:04 B C:\Users\Kevin\Google Drive\BiiEmergenseeWeb\Bii Web\BiiEmergenSEE\img\freeze\screens\desktop.ini --> firstfamilyalert.com /img/freeze/screens desktop.ini
2015.01.25 17:04 B C:\Users\Kevin\Google Drive\BiiEmergenseeWeb\Bii Web\BiiEmergenSEE\img\freeze\screens\menu.jpg --> firstfamilyalert.com /img/freeze/screens menu.jpg
2015.01.25 17:04 B C:\Users\Kevin\Google Drive\BiiEmergenseeWeb\Bii Web\BiiEmergenSEE\img\freeze\screens\myCircle.jpg --> firstfamilyalert.com /img/freeze/screens myCircle.jpg
2015.01.25 17:04 B C:\Users\Kevin\Google Drive\BiiEmergenseeWeb\Bii Web\BiiEmergenSEE\img\freeze\screens\myCircle.png --> firstfamilyalert.com /img/freeze/screens myCircle.png
2015.01.25 17:04 B C:\Users\Kevin\Google Drive\BiiEmergenseeWeb\Bii Web\BiiEmergenSEE\img\freeze\screens\options.jpg --> firstfamilyalert.com /img/freeze/screens options.jpg
2015.01.25 17:04 B C:\Users\Kevin\Google Drive\BiiEmergenseeWeb\Bii Web\BiiEmergenSEE\img\freeze\screens\profile.jpg --> firstfamilyalert.com /img/freeze/screens profile.jpg
2015.01.25 17:04 B C:\Users\Kevin\Google Drive\BiiEmergenseeWeb\Bii Web\BiiEmergenSEE\img\freeze\screens\signup.jpg --> firstfamilyalert.com /img/freeze/screens signup.jpg
2015.01.25 17:04 B C:\Users\Kevin\Google Drive\BiiEmergenseeWeb\Bii Web\BiiEmergenSEE\img\freeze\screens\Thumbs.db --> firstfamilyalert.com /img/freeze/screens Thumbs.db
2015.01.25 17:04 B C:\Users\Kevin\Google Drive\BiiEmergenseeWeb\Bii Web\BiiEmergenSEE\img\freeze\screens\weather.jpg --> firstfamilyalert.com /img/freeze/screens weather.jpg
2015.01.25 17:04 B C:\Users\Kevin\Google Drive\BiiEmergenseeWeb\Bii Web\BiiEmergenSEE\img\freeze\screens\WS_FTP.LOG --> firstfamilyalert.com /img/freeze/screens WS_FTP.LOG
2015.01.25 17:13 B C:\Users\Kevin\Google Drive\BiiEmergenseeWeb\Bii Web\BiiEmergenSEE\img\freeze\screens\calendar.jpg --> firstfamilyalert.com /img/freeze/screens calendar.jpg
2015.01.25 17:13 B C:\Users\Kevin\Google Drive\BiiEmergenseeWeb\Bii Web\BiiEmergenSEE\img\freeze\screens\desktop.ini --> firstfamilyalert.com /img/freeze/screens desktop.ini
2015.01.25 17:13 B C:\Users\Kevin\Google Drive\BiiEmergenseeWeb\Bii Web\BiiEmergenSEE\img\freeze\screens\menu.jpg --> firstfamilyalert.com /img/freeze/screens menu.jpg
2015.01.25 17:13 B C:\Users\Kevin\Google Drive\BiiEmergenseeWeb\Bii Web\BiiEmergenSEE\img\freeze\screens\myCircle.jpg --> firstfamilyalert.com /img/freeze/screens myCircle.jpg
2015.01.25 17:13 B C:\Users\Kevin\Google Drive\BiiEmergenseeWeb\Bii Web\BiiEmergenSEE\img\freeze\screens\myCircle.png --> firstfamilyalert.com /img/freeze/screens myCircle.png
2015.01.25 17:13 B C:\Users\Kevin\Google Drive\BiiEmergenseeWeb\Bii Web\BiiEmergenSEE\img\freeze\screens\options.jpg --> firstfamilyalert.com /img/freeze/screens options.jpg
2015.01.25 17:13 B C:\Users\Kevin\Google Drive\BiiEmergenseeWeb\Bii Web\BiiEmergenSEE\img\freeze\screens\profile.jpg --> firstfamilyalert.com /img/freeze/screens profile.jpg
2015.01.25 17:13 B C:\Users\Kevin\Google Drive\BiiEmergenseeWeb\Bii Web\BiiEmergenSEE\img\freeze\screens\signup.jpg --> firstfamilyalert.com /img/freeze/screens signup.jpg
2015.01.25 17:13 B C:\Users\Kevin\Google Drive\BiiEmergenseeWeb\Bii Web\BiiEmergenSEE\img\freeze\screens\Thumbs.db --> firstfamilyalert.com /img/freeze/screens Thumbs.db
2015.01.25 17:13 B C:\Users\Kevin\Google Drive\BiiEmergenseeWeb\Bii Web\BiiEmergenSEE\img\freeze\screens\weather.jpg --> firstfamilyalert.com /img/freeze/screens weather.jpg
2015.01.25 21:14 B C:\Users\Kevin\Google Drive\BiiEmergenseeWeb\Bii Web\BiiEmergenSEE\img\freeze\screens\WS_FTP.LOG <-- Kevin /img/freeze/screens WS_FTP.LOG
