2015.01.25 16:06 B C:\Users\Kevin\Google Drive\BiiEmergenseeWeb\Bii Web\BiiEmergenSEE\blank.html --> firstfamilyalert.com / blank.html
2015.01.25 16:06 B C:\Users\Kevin\Google Drive\BiiEmergenseeWeb\Bii Web\BiiEmergenSEE\buttons.html --> firstfamilyalert.com / buttons.html
2015.01.25 16:06 B C:\Users\Kevin\Google Drive\BiiEmergenseeWeb\Bii Web\BiiEmergenSEE\circles.html --> firstfamilyalert.com / circles.html
2015.01.25 16:06 B C:\Users\Kevin\Google Drive\BiiEmergenseeWeb\Bii Web\BiiEmergenSEE\create.html --> firstfamilyalert.com / create.html
2015.01.25 16:06 B C:\Users\Kevin\Google Drive\BiiEmergenseeWeb\Bii Web\BiiEmergenSEE\create2.html --> firstfamilyalert.com / create2.html
2015.01.25 16:06 B C:\Users\Kevin\Google Drive\BiiEmergenseeWeb\Bii Web\BiiEmergenSEE\desktop.ini --> firstfamilyalert.com / desktop.ini
2015.01.25 16:06 B C:\Users\Kevin\Google Drive\BiiEmergenseeWeb\Bii Web\BiiEmergenSEE\favicon.png --> firstfamilyalert.com / favicon.png
2015.01.25 16:06 B C:\Users\Kevin\Google Drive\BiiEmergenseeWeb\Bii Web\BiiEmergenSEE\grid.html --> firstfamilyalert.com / grid.html
2015.01.25 16:06 B C:\Users\Kevin\Google Drive\BiiEmergenseeWeb\Bii Web\BiiEmergenSEE\Homepage.html --> firstfamilyalert.com / Homepage.html
2015.01.25 16:06 B C:\Users\Kevin\Google Drive\BiiEmergenseeWeb\Bii Web\BiiEmergenSEE\index.html --> firstfamilyalert.com / index.html
2015.01.25 16:06 B C:\Users\Kevin\Google Drive\BiiEmergenseeWeb\Bii Web\BiiEmergenSEE\launch.html --> firstfamilyalert.com / launch.html
2015.01.25 16:06 B C:\Users\Kevin\Google Drive\BiiEmergenseeWeb\Bii Web\BiiEmergenSEE\login.html --> firstfamilyalert.com / login.html
2015.01.25 16:06 B C:\Users\Kevin\Google Drive\BiiEmergenseeWeb\Bii Web\BiiEmergenSEE\messages.html --> firstfamilyalert.com / messages.html
2015.01.25 16:06 B C:\Users\Kevin\Google Drive\BiiEmergenseeWeb\Bii Web\BiiEmergenSEE\notifications.html --> firstfamilyalert.com / notifications.html
2015.01.25 16:06 B C:\Users\Kevin\Google Drive\BiiEmergenseeWeb\Bii Web\BiiEmergenSEE\panels-wells.html --> firstfamilyalert.com / panels-wells.html
2015.01.25 16:06 B C:\Users\Kevin\Google Drive\BiiEmergenseeWeb\Bii Web\BiiEmergenSEE\SmsTest.html --> firstfamilyalert.com / SmsTest.html
2015.01.25 16:06 B C:\Users\Kevin\Google Drive\BiiEmergenseeWeb\Bii Web\BiiEmergenSEE\typography.html --> firstfamilyalert.com / typography.html
2015.01.25 17:05 B C:\Users\Kevin\Google Drive\BiiEmergenseeWeb\Bii Web\BiiEmergenSEE\blank.html --> firstfamilyalert.com / blank.html
2015.01.25 17:05 B C:\Users\Kevin\Google Drive\BiiEmergenseeWeb\Bii Web\BiiEmergenSEE\buttons.html --> firstfamilyalert.com / buttons.html
2015.01.25 17:05 B C:\Users\Kevin\Google Drive\BiiEmergenseeWeb\Bii Web\BiiEmergenSEE\circles.html --> firstfamilyalert.com / circles.html
2015.01.25 17:05 B C:\Users\Kevin\Google Drive\BiiEmergenseeWeb\Bii Web\BiiEmergenSEE\create.html --> firstfamilyalert.com / create.html
2015.01.25 17:05 B C:\Users\Kevin\Google Drive\BiiEmergenseeWeb\Bii Web\BiiEmergenSEE\create2.html --> firstfamilyalert.com / create2.html
2015.01.25 17:05 B C:\Users\Kevin\Google Drive\BiiEmergenseeWeb\Bii Web\BiiEmergenSEE\dashboard.html --> firstfamilyalert.com / dashboard.html
2015.01.25 17:05 B C:\Users\Kevin\Google Drive\BiiEmergenseeWeb\Bii Web\BiiEmergenSEE\desktop.ini --> firstfamilyalert.com / desktop.ini
2015.01.25 17:05 B C:\Users\Kevin\Google Drive\BiiEmergenseeWeb\Bii Web\BiiEmergenSEE\favicon.png --> firstfamilyalert.com / favicon.png
2015.01.25 17:06 B C:\Users\Kevin\Google Drive\BiiEmergenseeWeb\Bii Web\BiiEmergenSEE\grid.html --> firstfamilyalert.com / grid.html
2015.01.25 17:06 B C:\Users\Kevin\Google Drive\BiiEmergenseeWeb\Bii Web\BiiEmergenSEE\index.html --> firstfamilyalert.com / index.html
2015.01.25 17:06 B C:\Users\Kevin\Google Drive\BiiEmergenseeWeb\Bii Web\BiiEmergenSEE\launch.html --> firstfamilyalert.com / launch.html
2015.01.25 17:06 B C:\Users\Kevin\Google Drive\BiiEmergenseeWeb\Bii Web\BiiEmergenSEE\login.html --> firstfamilyalert.com / login.html
2015.01.25 17:06 B C:\Users\Kevin\Google Drive\BiiEmergenseeWeb\Bii Web\BiiEmergenSEE\messages.html --> firstfamilyalert.com / messages.html
2015.01.25 17:06 B C:\Users\Kevin\Google Drive\BiiEmergenseeWeb\Bii Web\BiiEmergenSEE\notifications.html --> firstfamilyalert.com / notifications.html
2015.01.25 17:06 B C:\Users\Kevin\Google Drive\BiiEmergenseeWeb\Bii Web\BiiEmergenSEE\panels-wells.html --> firstfamilyalert.com / panels-wells.html
2015.01.25 17:06 B C:\Users\Kevin\Google Drive\BiiEmergenseeWeb\Bii Web\BiiEmergenSEE\SmsTest.html --> firstfamilyalert.com / SmsTest.html
2015.01.25 17:06 B C:\Users\Kevin\Google Drive\BiiEmergenseeWeb\Bii Web\BiiEmergenSEE\typography.html --> firstfamilyalert.com / typography.html
2015.01.25 17:06 B C:\Users\Kevin\Google Drive\BiiEmergenseeWeb\Bii Web\BiiEmergenSEE\WS_FTP.LOG --> firstfamilyalert.com / WS_FTP.LOG
2015.01.25 17:15 B C:\Users\Kevin\Google Drive\BiiEmergenseeWeb\Bii Web\BiiEmergenSEE\blank.html --> firstfamilyalert.com / blank.html
2015.01.25 17:15 B C:\Users\Kevin\Google Drive\BiiEmergenseeWeb\Bii Web\BiiEmergenSEE\buttons.html --> firstfamilyalert.com / buttons.html
2015.01.25 17:15 B C:\Users\Kevin\Google Drive\BiiEmergenseeWeb\Bii Web\BiiEmergenSEE\circles.html --> firstfamilyalert.com / circles.html
2015.01.25 17:15 B C:\Users\Kevin\Google Drive\BiiEmergenseeWeb\Bii Web\BiiEmergenSEE\create.html --> firstfamilyalert.com / create.html
2015.01.25 17:15 B C:\Users\Kevin\Google Drive\BiiEmergenseeWeb\Bii Web\BiiEmergenSEE\create2.html --> firstfamilyalert.com / create2.html
2015.01.25 17:15 B C:\Users\Kevin\Google Drive\BiiEmergenseeWeb\Bii Web\BiiEmergenSEE\dashboard.html --> firstfamilyalert.com / dashboard.html
2015.01.25 17:15 B C:\Users\Kevin\Google Drive\BiiEmergenseeWeb\Bii Web\BiiEmergenSEE\desktop.ini --> firstfamilyalert.com / desktop.ini
2015.01.25 17:15 B C:\Users\Kevin\Google Drive\BiiEmergenseeWeb\Bii Web\BiiEmergenSEE\favicon.png --> firstfamilyalert.com / favicon.png
2015.01.25 17:15 B C:\Users\Kevin\Google Drive\BiiEmergenseeWeb\Bii Web\BiiEmergenSEE\grid.html --> firstfamilyalert.com / grid.html
2015.01.25 17:15 B C:\Users\Kevin\Google Drive\BiiEmergenseeWeb\Bii Web\BiiEmergenSEE\index.html --> firstfamilyalert.com / index.html
2015.01.25 17:15 B C:\Users\Kevin\Google Drive\BiiEmergenseeWeb\Bii Web\BiiEmergenSEE\launch.html --> firstfamilyalert.com / launch.html
2015.01.25 17:15 B C:\Users\Kevin\Google Drive\BiiEmergenseeWeb\Bii Web\BiiEmergenSEE\login.html --> firstfamilyalert.com / login.html
2015.01.25 17:15 B C:\Users\Kevin\Google Drive\BiiEmergenseeWeb\Bii Web\BiiEmergenSEE\messages.html --> firstfamilyalert.com / messages.html
2015.01.25 17:15 B C:\Users\Kevin\Google Drive\BiiEmergenseeWeb\Bii Web\BiiEmergenSEE\notifications.html --> firstfamilyalert.com / notifications.html
2015.01.25 17:15 B C:\Users\Kevin\Google Drive\BiiEmergenseeWeb\Bii Web\BiiEmergenSEE\panels-wells.html --> firstfamilyalert.com / panels-wells.html
2015.01.25 17:15 B C:\Users\Kevin\Google Drive\BiiEmergenseeWeb\Bii Web\BiiEmergenSEE\SmsTest.html --> firstfamilyalert.com / SmsTest.html
2015.01.25 17:15 B C:\Users\Kevin\Google Drive\BiiEmergenseeWeb\Bii Web\BiiEmergenSEE\typography.html --> firstfamilyalert.com / typography.html
2015.01.25 21:15 B C:\Users\Kevin\Google Drive\BiiEmergenseeWeb\Bii Web\BiiEmergenSEE\WS_FTP.LOG <-- Kevin / WS_FTP.LOG
