2015.01.25 16:05 B C:\Users\Kevin\Google Drive\BiiEmergenseeWeb\Bii Web\BiiEmergenSEE\js\plugins\flot\desktop.ini --> firstfamilyalert.com /js/plugins/flot desktop.ini
2015.01.25 16:05 B C:\Users\Kevin\Google Drive\BiiEmergenseeWeb\Bii Web\BiiEmergenSEE\js\plugins\flot\excanvas.min.js --> firstfamilyalert.com /js/plugins/flot excanvas.min.js
2015.01.25 16:05 B C:\Users\Kevin\Google Drive\BiiEmergenseeWeb\Bii Web\BiiEmergenSEE\js\plugins\flot\flot-data.js --> firstfamilyalert.com /js/plugins/flot flot-data.js
2015.01.25 16:05 B C:\Users\Kevin\Google Drive\BiiEmergenseeWeb\Bii Web\BiiEmergenSEE\js\plugins\flot\jquery.flot.js --> firstfamilyalert.com /js/plugins/flot jquery.flot.js
2015.01.25 16:05 B C:\Users\Kevin\Google Drive\BiiEmergenseeWeb\Bii Web\BiiEmergenSEE\js\plugins\flot\jquery.flot.pie.js --> firstfamilyalert.com /js/plugins/flot jquery.flot.pie.js
2015.01.25 16:05 B C:\Users\Kevin\Google Drive\BiiEmergenseeWeb\Bii Web\BiiEmergenSEE\js\plugins\flot\jquery.flot.resize.js --> firstfamilyalert.com /js/plugins/flot jquery.flot.resize.js
2015.01.25 16:05 B C:\Users\Kevin\Google Drive\BiiEmergenseeWeb\Bii Web\BiiEmergenSEE\js\plugins\flot\jquery.flot.tooltip.min.js --> firstfamilyalert.com /js/plugins/flot jquery.flot.tooltip.min.js
2015.01.25 17:04 B C:\Users\Kevin\Google Drive\BiiEmergenseeWeb\Bii Web\BiiEmergenSEE\js\plugins\flot\desktop.ini --> firstfamilyalert.com /js/plugins/flot desktop.ini
2015.01.25 17:04 B C:\Users\Kevin\Google Drive\BiiEmergenseeWeb\Bii Web\BiiEmergenSEE\js\plugins\flot\excanvas.min.js --> firstfamilyalert.com /js/plugins/flot excanvas.min.js
2015.01.25 17:04 B C:\Users\Kevin\Google Drive\BiiEmergenseeWeb\Bii Web\BiiEmergenSEE\js\plugins\flot\flot-data.js --> firstfamilyalert.com /js/plugins/flot flot-data.js
2015.01.25 17:04 B C:\Users\Kevin\Google Drive\BiiEmergenseeWeb\Bii Web\BiiEmergenSEE\js\plugins\flot\jquery.flot.js --> firstfamilyalert.com /js/plugins/flot jquery.flot.js
2015.01.25 17:04 B C:\Users\Kevin\Google Drive\BiiEmergenseeWeb\Bii Web\BiiEmergenSEE\js\plugins\flot\jquery.flot.pie.js --> firstfamilyalert.com /js/plugins/flot jquery.flot.pie.js
2015.01.25 17:04 B C:\Users\Kevin\Google Drive\BiiEmergenseeWeb\Bii Web\BiiEmergenSEE\js\plugins\flot\jquery.flot.resize.js --> firstfamilyalert.com /js/plugins/flot jquery.flot.resize.js
2015.01.25 17:04 B C:\Users\Kevin\Google Drive\BiiEmergenseeWeb\Bii Web\BiiEmergenSEE\js\plugins\flot\jquery.flot.tooltip.min.js --> firstfamilyalert.com /js/plugins/flot jquery.flot.tooltip.min.js
2015.01.25 17:04 B C:\Users\Kevin\Google Drive\BiiEmergenseeWeb\Bii Web\BiiEmergenSEE\js\plugins\flot\WS_FTP.LOG --> firstfamilyalert.com /js/plugins/flot WS_FTP.LOG
2015.01.25 17:13 B C:\Users\Kevin\Google Drive\BiiEmergenseeWeb\Bii Web\BiiEmergenSEE\js\plugins\flot\desktop.ini --> firstfamilyalert.com /js/plugins/flot desktop.ini
2015.01.25 17:13 B C:\Users\Kevin\Google Drive\BiiEmergenseeWeb\Bii Web\BiiEmergenSEE\js\plugins\flot\excanvas.min.js --> firstfamilyalert.com /js/plugins/flot excanvas.min.js
2015.01.25 17:13 B C:\Users\Kevin\Google Drive\BiiEmergenseeWeb\Bii Web\BiiEmergenSEE\js\plugins\flot\flot-data.js --> firstfamilyalert.com /js/plugins/flot flot-data.js
2015.01.25 17:13 B C:\Users\Kevin\Google Drive\BiiEmergenseeWeb\Bii Web\BiiEmergenSEE\js\plugins\flot\jquery.flot.js --> firstfamilyalert.com /js/plugins/flot jquery.flot.js
2015.01.25 17:13 B C:\Users\Kevin\Google Drive\BiiEmergenseeWeb\Bii Web\BiiEmergenSEE\js\plugins\flot\jquery.flot.pie.js --> firstfamilyalert.com /js/plugins/flot jquery.flot.pie.js
2015.01.25 17:13 B C:\Users\Kevin\Google Drive\BiiEmergenseeWeb\Bii Web\BiiEmergenSEE\js\plugins\flot\jquery.flot.resize.js --> firstfamilyalert.com /js/plugins/flot jquery.flot.resize.js
2015.01.25 17:13 B C:\Users\Kevin\Google Drive\BiiEmergenseeWeb\Bii Web\BiiEmergenSEE\js\plugins\flot\jquery.flot.tooltip.min.js --> firstfamilyalert.com /js/plugins/flot jquery.flot.tooltip.min.js
2015.01.25 21:14 B C:\Users\Kevin\Google Drive\BiiEmergenseeWeb\Bii Web\BiiEmergenSEE\js\plugins\flot\WS_FTP.LOG <-- Kevin /js/plugins/flot WS_FTP.LOG
