2015.01.25 16:06 B C:\Users\Kevin\Google Drive\BiiEmergenseeWeb\Bii Web\BiiEmergenSEE\js\bootstrap.js --> firstfamilyalert.com /js bootstrap.js
2015.01.25 16:06 B C:\Users\Kevin\Google Drive\BiiEmergenseeWeb\Bii Web\BiiEmergenSEE\js\bootstrap.min.js --> firstfamilyalert.com /js bootstrap.min.js
2015.01.25 16:06 B C:\Users\Kevin\Google Drive\BiiEmergenseeWeb\Bii Web\BiiEmergenSEE\js\bootstrap1.min.js --> firstfamilyalert.com /js bootstrap1.min.js
2015.01.25 16:06 B C:\Users\Kevin\Google Drive\BiiEmergenseeWeb\Bii Web\BiiEmergenSEE\js\desktop.ini --> firstfamilyalert.com /js desktop.ini
2015.01.25 16:06 B C:\Users\Kevin\Google Drive\BiiEmergenseeWeb\Bii Web\BiiEmergenSEE\js\jquery-1.11.0.js --> firstfamilyalert.com /js jquery-1.11.0.js
2015.01.25 16:06 B C:\Users\Kevin\Google Drive\BiiEmergenseeWeb\Bii Web\BiiEmergenSEE\js\jquery-1.11.1.min.js --> firstfamilyalert.com /js jquery-1.11.1.min.js
2015.01.25 16:06 B C:\Users\Kevin\Google Drive\BiiEmergenseeWeb\Bii Web\BiiEmergenSEE\js\jquery-1.11.1.min.map --> firstfamilyalert.com /js jquery-1.11.1.min.map
2015.01.25 16:06 B C:\Users\Kevin\Google Drive\BiiEmergenseeWeb\Bii Web\BiiEmergenSEE\js\less-1.7.0.min.js --> firstfamilyalert.com /js less-1.7.0.min.js
2015.01.25 16:06 B C:\Users\Kevin\Google Drive\BiiEmergenseeWeb\Bii Web\BiiEmergenSEE\js\modernizr.custom.32033.js --> firstfamilyalert.com /js modernizr.custom.32033.js
2015.01.25 16:06 B C:\Users\Kevin\Google Drive\BiiEmergenseeWeb\Bii Web\BiiEmergenSEE\js\placeholdem.min.js --> firstfamilyalert.com /js placeholdem.min.js
2015.01.25 16:06 B C:\Users\Kevin\Google Drive\BiiEmergenseeWeb\Bii Web\BiiEmergenSEE\js\sb-admin-2.js --> firstfamilyalert.com /js sb-admin-2.js
2015.01.25 16:06 B C:\Users\Kevin\Google Drive\BiiEmergenseeWeb\Bii Web\BiiEmergenSEE\js\scripts.js --> firstfamilyalert.com /js scripts.js
2015.01.25 16:06 B C:\Users\Kevin\Google Drive\BiiEmergenseeWeb\Bii Web\BiiEmergenSEE\js\slick.min.js --> firstfamilyalert.com /js slick.min.js
2015.01.25 16:06 B C:\Users\Kevin\Google Drive\BiiEmergenseeWeb\Bii Web\BiiEmergenSEE\js\waypoints.min.js --> firstfamilyalert.com /js waypoints.min.js
2015.01.25 17:05 B C:\Users\Kevin\Google Drive\BiiEmergenseeWeb\Bii Web\BiiEmergenSEE\js\bootstrap.js --> firstfamilyalert.com /js bootstrap.js
2015.01.25 17:05 B C:\Users\Kevin\Google Drive\BiiEmergenseeWeb\Bii Web\BiiEmergenSEE\js\bootstrap.min.js --> firstfamilyalert.com /js bootstrap.min.js
2015.01.25 17:05 B C:\Users\Kevin\Google Drive\BiiEmergenseeWeb\Bii Web\BiiEmergenSEE\js\bootstrap1.min.js --> firstfamilyalert.com /js bootstrap1.min.js
2015.01.25 17:05 B C:\Users\Kevin\Google Drive\BiiEmergenseeWeb\Bii Web\BiiEmergenSEE\js\desktop.ini --> firstfamilyalert.com /js desktop.ini
2015.01.25 17:05 B C:\Users\Kevin\Google Drive\BiiEmergenseeWeb\Bii Web\BiiEmergenSEE\js\jquery-1.11.0.js --> firstfamilyalert.com /js jquery-1.11.0.js
2015.01.25 17:05 B C:\Users\Kevin\Google Drive\BiiEmergenseeWeb\Bii Web\BiiEmergenSEE\js\jquery-1.11.1.min.js --> firstfamilyalert.com /js jquery-1.11.1.min.js
2015.01.25 17:05 B C:\Users\Kevin\Google Drive\BiiEmergenseeWeb\Bii Web\BiiEmergenSEE\js\jquery-1.11.1.min.map --> firstfamilyalert.com /js jquery-1.11.1.min.map
2015.01.25 17:05 B C:\Users\Kevin\Google Drive\BiiEmergenseeWeb\Bii Web\BiiEmergenSEE\js\less-1.7.0.min.js --> firstfamilyalert.com /js less-1.7.0.min.js
2015.01.25 17:05 B C:\Users\Kevin\Google Drive\BiiEmergenseeWeb\Bii Web\BiiEmergenSEE\js\modernizr.custom.32033.js --> firstfamilyalert.com /js modernizr.custom.32033.js
2015.01.25 17:05 B C:\Users\Kevin\Google Drive\BiiEmergenseeWeb\Bii Web\BiiEmergenSEE\js\placeholdem.min.js --> firstfamilyalert.com /js placeholdem.min.js
2015.01.25 17:05 B C:\Users\Kevin\Google Drive\BiiEmergenseeWeb\Bii Web\BiiEmergenSEE\js\sb-admin-2.js --> firstfamilyalert.com /js sb-admin-2.js
2015.01.25 17:05 B C:\Users\Kevin\Google Drive\BiiEmergenseeWeb\Bii Web\BiiEmergenSEE\js\scripts.js --> firstfamilyalert.com /js scripts.js
2015.01.25 17:05 B C:\Users\Kevin\Google Drive\BiiEmergenseeWeb\Bii Web\BiiEmergenSEE\js\slick.min.js --> firstfamilyalert.com /js slick.min.js
2015.01.25 17:05 B C:\Users\Kevin\Google Drive\BiiEmergenseeWeb\Bii Web\BiiEmergenSEE\js\waypoints.min.js --> firstfamilyalert.com /js waypoints.min.js
2015.01.25 17:05 B C:\Users\Kevin\Google Drive\BiiEmergenseeWeb\Bii Web\BiiEmergenSEE\js\WS_FTP.LOG --> firstfamilyalert.com /js WS_FTP.LOG
2015.01.25 17:14 B C:\Users\Kevin\Google Drive\BiiEmergenseeWeb\Bii Web\BiiEmergenSEE\js\bootstrap.js --> firstfamilyalert.com /js bootstrap.js
2015.01.25 17:14 B C:\Users\Kevin\Google Drive\BiiEmergenseeWeb\Bii Web\BiiEmergenSEE\js\bootstrap.min.js --> firstfamilyalert.com /js bootstrap.min.js
2015.01.25 17:14 B C:\Users\Kevin\Google Drive\BiiEmergenseeWeb\Bii Web\BiiEmergenSEE\js\bootstrap1.min.js --> firstfamilyalert.com /js bootstrap1.min.js
2015.01.25 17:14 B C:\Users\Kevin\Google Drive\BiiEmergenseeWeb\Bii Web\BiiEmergenSEE\js\desktop.ini --> firstfamilyalert.com /js desktop.ini
2015.01.25 17:14 B C:\Users\Kevin\Google Drive\BiiEmergenseeWeb\Bii Web\BiiEmergenSEE\js\jquery-1.11.0.js --> firstfamilyalert.com /js jquery-1.11.0.js
2015.01.25 17:14 B C:\Users\Kevin\Google Drive\BiiEmergenseeWeb\Bii Web\BiiEmergenSEE\js\jquery-1.11.1.min.js --> firstfamilyalert.com /js jquery-1.11.1.min.js
2015.01.25 17:14 B C:\Users\Kevin\Google Drive\BiiEmergenseeWeb\Bii Web\BiiEmergenSEE\js\jquery-1.11.1.min.map --> firstfamilyalert.com /js jquery-1.11.1.min.map
2015.01.25 17:14 B C:\Users\Kevin\Google Drive\BiiEmergenseeWeb\Bii Web\BiiEmergenSEE\js\less-1.7.0.min.js --> firstfamilyalert.com /js less-1.7.0.min.js
2015.01.25 17:14 B C:\Users\Kevin\Google Drive\BiiEmergenseeWeb\Bii Web\BiiEmergenSEE\js\modernizr.custom.32033.js --> firstfamilyalert.com /js modernizr.custom.32033.js
2015.01.25 17:14 B C:\Users\Kevin\Google Drive\BiiEmergenseeWeb\Bii Web\BiiEmergenSEE\js\placeholdem.min.js --> firstfamilyalert.com /js placeholdem.min.js
2015.01.25 17:14 B C:\Users\Kevin\Google Drive\BiiEmergenseeWeb\Bii Web\BiiEmergenSEE\js\sb-admin-2.js --> firstfamilyalert.com /js sb-admin-2.js
2015.01.25 17:14 B C:\Users\Kevin\Google Drive\BiiEmergenseeWeb\Bii Web\BiiEmergenSEE\js\scripts.js --> firstfamilyalert.com /js scripts.js
2015.01.25 17:14 B C:\Users\Kevin\Google Drive\BiiEmergenseeWeb\Bii Web\BiiEmergenSEE\js\slick.min.js --> firstfamilyalert.com /js slick.min.js
2015.01.25 17:14 B C:\Users\Kevin\Google Drive\BiiEmergenseeWeb\Bii Web\BiiEmergenSEE\js\waypoints.min.js --> firstfamilyalert.com /js waypoints.min.js
2015.01.25 21:15 B C:\Users\Kevin\Google Drive\BiiEmergenseeWeb\Bii Web\BiiEmergenSEE\js\WS_FTP.LOG <-- Kevin /js WS_FTP.LOG
