2015.01.25 16:04 B C:\Users\Kevin\Google Drive\BiiEmergenseeWeb\Bii Web\BiiEmergenSEE\font-awesome-4.1.0\fonts\desktop.ini --> firstfamilyalert.com /font-awesome-4.1.0/fonts desktop.ini
2015.01.25 16:04 B C:\Users\Kevin\Google Drive\BiiEmergenseeWeb\Bii Web\BiiEmergenSEE\font-awesome-4.1.0\fonts\fontawesome-webfont.eot --> firstfamilyalert.com /font-awesome-4.1.0/fonts fontawesome-webfont.eot
2015.01.25 16:04 B C:\Users\Kevin\Google Drive\BiiEmergenseeWeb\Bii Web\BiiEmergenSEE\font-awesome-4.1.0\fonts\fontawesome-webfont.svg --> firstfamilyalert.com /font-awesome-4.1.0/fonts fontawesome-webfont.svg
2015.01.25 16:04 B C:\Users\Kevin\Google Drive\BiiEmergenseeWeb\Bii Web\BiiEmergenSEE\font-awesome-4.1.0\fonts\fontawesome-webfont.ttf --> firstfamilyalert.com /font-awesome-4.1.0/fonts fontawesome-webfont.ttf
2015.01.25 16:04 B C:\Users\Kevin\Google Drive\BiiEmergenseeWeb\Bii Web\BiiEmergenSEE\font-awesome-4.1.0\fonts\fontawesome-webfont.woff --> firstfamilyalert.com /font-awesome-4.1.0/fonts fontawesome-webfont.woff
2015.01.25 16:04 B C:\Users\Kevin\Google Drive\BiiEmergenseeWeb\Bii Web\BiiEmergenSEE\font-awesome-4.1.0\fonts\FontAwesome.otf --> firstfamilyalert.com /font-awesome-4.1.0/fonts FontAwesome.otf
2015.01.25 17:03 B C:\Users\Kevin\Google Drive\BiiEmergenseeWeb\Bii Web\BiiEmergenSEE\font-awesome-4.1.0\fonts\desktop.ini --> firstfamilyalert.com /font-awesome-4.1.0/fonts desktop.ini
2015.01.25 17:03 B C:\Users\Kevin\Google Drive\BiiEmergenseeWeb\Bii Web\BiiEmergenSEE\font-awesome-4.1.0\fonts\fontawesome-webfont.eot --> firstfamilyalert.com /font-awesome-4.1.0/fonts fontawesome-webfont.eot
2015.01.25 17:03 B C:\Users\Kevin\Google Drive\BiiEmergenseeWeb\Bii Web\BiiEmergenSEE\font-awesome-4.1.0\fonts\fontawesome-webfont.svg --> firstfamilyalert.com /font-awesome-4.1.0/fonts fontawesome-webfont.svg
2015.01.25 17:03 B C:\Users\Kevin\Google Drive\BiiEmergenseeWeb\Bii Web\BiiEmergenSEE\font-awesome-4.1.0\fonts\fontawesome-webfont.ttf --> firstfamilyalert.com /font-awesome-4.1.0/fonts fontawesome-webfont.ttf
2015.01.25 17:03 B C:\Users\Kevin\Google Drive\BiiEmergenseeWeb\Bii Web\BiiEmergenSEE\font-awesome-4.1.0\fonts\fontawesome-webfont.woff --> firstfamilyalert.com /font-awesome-4.1.0/fonts fontawesome-webfont.woff
2015.01.25 17:03 B C:\Users\Kevin\Google Drive\BiiEmergenseeWeb\Bii Web\BiiEmergenSEE\font-awesome-4.1.0\fonts\FontAwesome.otf --> firstfamilyalert.com /font-awesome-4.1.0/fonts FontAwesome.otf
2015.01.25 17:03 B C:\Users\Kevin\Google Drive\BiiEmergenseeWeb\Bii Web\BiiEmergenSEE\font-awesome-4.1.0\fonts\WS_FTP.LOG --> firstfamilyalert.com /font-awesome-4.1.0/fonts WS_FTP.LOG
2015.01.25 17:12 B C:\Users\Kevin\Google Drive\BiiEmergenseeWeb\Bii Web\BiiEmergenSEE\font-awesome-4.1.0\fonts\desktop.ini --> firstfamilyalert.com /font-awesome-4.1.0/fonts desktop.ini
2015.01.25 17:12 B C:\Users\Kevin\Google Drive\BiiEmergenseeWeb\Bii Web\BiiEmergenSEE\font-awesome-4.1.0\fonts\fontawesome-webfont.eot --> firstfamilyalert.com /font-awesome-4.1.0/fonts fontawesome-webfont.eot
2015.01.25 17:12 B C:\Users\Kevin\Google Drive\BiiEmergenseeWeb\Bii Web\BiiEmergenSEE\font-awesome-4.1.0\fonts\fontawesome-webfont.svg --> firstfamilyalert.com /font-awesome-4.1.0/fonts fontawesome-webfont.svg
2015.01.25 17:12 B C:\Users\Kevin\Google Drive\BiiEmergenseeWeb\Bii Web\BiiEmergenSEE\font-awesome-4.1.0\fonts\fontawesome-webfont.ttf --> firstfamilyalert.com /font-awesome-4.1.0/fonts fontawesome-webfont.ttf
2015.01.25 17:12 B C:\Users\Kevin\Google Drive\BiiEmergenseeWeb\Bii Web\BiiEmergenSEE\font-awesome-4.1.0\fonts\fontawesome-webfont.woff --> firstfamilyalert.com /font-awesome-4.1.0/fonts fontawesome-webfont.woff
2015.01.25 17:12 B C:\Users\Kevin\Google Drive\BiiEmergenseeWeb\Bii Web\BiiEmergenSEE\font-awesome-4.1.0\fonts\FontAwesome.otf --> firstfamilyalert.com /font-awesome-4.1.0/fonts FontAwesome.otf
2015.01.25 21:14 B C:\Users\Kevin\Google Drive\BiiEmergenseeWeb\Bii Web\BiiEmergenSEE\font-awesome-4.1.0\fonts\WS_FTP.LOG <-- Kevin /font-awesome-4.1.0/fonts WS_FTP.LOG
