2015.01.25 16:05 B C:\Users\Kevin\Google Drive\BiiEmergenseeWeb\Bii Web\BiiEmergenSEE\img\freeze\bk-freeze-ga.jpg --> firstfamilyalert.com /img/freeze bk-freeze-ga.jpg
2015.01.25 16:05 B C:\Users\Kevin\Google Drive\BiiEmergenseeWeb\Bii Web\BiiEmergenSEE\img\freeze\bk-freeze.jpg --> firstfamilyalert.com /img/freeze bk-freeze.jpg
2015.01.25 16:05 B C:\Users\Kevin\Google Drive\BiiEmergenseeWeb\Bii Web\BiiEmergenSEE\img\freeze\desktop.ini --> firstfamilyalert.com /img/freeze desktop.ini
2015.01.25 16:05 B C:\Users\Kevin\Google Drive\BiiEmergenseeWeb\Bii Web\BiiEmergenSEE\img\freeze\freeze-angled2.png --> firstfamilyalert.com /img/freeze freeze-angled2.png
2015.01.25 16:05 B C:\Users\Kevin\Google Drive\BiiEmergenseeWeb\Bii Web\BiiEmergenSEE\img\freeze\iphone-freeze.png --> firstfamilyalert.com /img/freeze iphone-freeze.png
2015.01.25 16:05 B C:\Users\Kevin\Google Drive\BiiEmergenseeWeb\Bii Web\BiiEmergenSEE\img\freeze\logo.png --> firstfamilyalert.com /img/freeze logo.png
2015.01.25 16:05 B C:\Users\Kevin\Google Drive\BiiEmergenseeWeb\Bii Web\BiiEmergenSEE\img\freeze\logo1.png --> firstfamilyalert.com /img/freeze logo1.png
2015.01.25 16:05 B C:\Users\Kevin\Google Drive\BiiEmergenseeWeb\Bii Web\BiiEmergenSEE\img\freeze\Thumbs.db --> firstfamilyalert.com /img/freeze Thumbs.db
2015.01.25 17:04 B C:\Users\Kevin\Google Drive\BiiEmergenseeWeb\Bii Web\BiiEmergenSEE\img\freeze\bk-freeze-ga.jpg --> firstfamilyalert.com /img/freeze bk-freeze-ga.jpg
2015.01.25 17:04 B C:\Users\Kevin\Google Drive\BiiEmergenseeWeb\Bii Web\BiiEmergenSEE\img\freeze\bk-freeze.jpg --> firstfamilyalert.com /img/freeze bk-freeze.jpg
2015.01.25 17:04 B C:\Users\Kevin\Google Drive\BiiEmergenseeWeb\Bii Web\BiiEmergenSEE\img\freeze\desktop.ini --> firstfamilyalert.com /img/freeze desktop.ini
2015.01.25 17:04 B C:\Users\Kevin\Google Drive\BiiEmergenseeWeb\Bii Web\BiiEmergenSEE\img\freeze\freeze-angled2.png --> firstfamilyalert.com /img/freeze freeze-angled2.png
2015.01.25 17:04 B C:\Users\Kevin\Google Drive\BiiEmergenseeWeb\Bii Web\BiiEmergenSEE\img\freeze\iphone-freeze.png --> firstfamilyalert.com /img/freeze iphone-freeze.png
2015.01.25 17:04 B C:\Users\Kevin\Google Drive\BiiEmergenseeWeb\Bii Web\BiiEmergenSEE\img\freeze\logo.png --> firstfamilyalert.com /img/freeze logo.png
2015.01.25 17:04 B C:\Users\Kevin\Google Drive\BiiEmergenseeWeb\Bii Web\BiiEmergenSEE\img\freeze\logo1.png --> firstfamilyalert.com /img/freeze logo1.png
2015.01.25 17:04 B C:\Users\Kevin\Google Drive\BiiEmergenseeWeb\Bii Web\BiiEmergenSEE\img\freeze\Thumbs.db --> firstfamilyalert.com /img/freeze Thumbs.db
2015.01.25 17:04 B C:\Users\Kevin\Google Drive\BiiEmergenseeWeb\Bii Web\BiiEmergenSEE\img\freeze\WS_FTP.LOG --> firstfamilyalert.com /img/freeze WS_FTP.LOG
2015.01.25 17:13 B C:\Users\Kevin\Google Drive\BiiEmergenseeWeb\Bii Web\BiiEmergenSEE\img\freeze\bk-freeze-ga.jpg --> firstfamilyalert.com /img/freeze bk-freeze-ga.jpg
2015.01.25 17:13 B C:\Users\Kevin\Google Drive\BiiEmergenseeWeb\Bii Web\BiiEmergenSEE\img\freeze\bk-freeze.jpg --> firstfamilyalert.com /img/freeze bk-freeze.jpg
2015.01.25 17:13 B C:\Users\Kevin\Google Drive\BiiEmergenseeWeb\Bii Web\BiiEmergenSEE\img\freeze\desktop.ini --> firstfamilyalert.com /img/freeze desktop.ini
2015.01.25 17:13 B C:\Users\Kevin\Google Drive\BiiEmergenseeWeb\Bii Web\BiiEmergenSEE\img\freeze\freeze-angled2.png --> firstfamilyalert.com /img/freeze freeze-angled2.png
2015.01.25 17:13 B C:\Users\Kevin\Google Drive\BiiEmergenseeWeb\Bii Web\BiiEmergenSEE\img\freeze\iphone-freeze.png --> firstfamilyalert.com /img/freeze iphone-freeze.png
2015.01.25 17:13 B C:\Users\Kevin\Google Drive\BiiEmergenseeWeb\Bii Web\BiiEmergenSEE\img\freeze\logo.png --> firstfamilyalert.com /img/freeze logo.png
2015.01.25 17:13 B C:\Users\Kevin\Google Drive\BiiEmergenseeWeb\Bii Web\BiiEmergenSEE\img\freeze\logo1.png --> firstfamilyalert.com /img/freeze logo1.png
2015.01.25 17:13 B C:\Users\Kevin\Google Drive\BiiEmergenseeWeb\Bii Web\BiiEmergenSEE\img\freeze\Thumbs.db --> firstfamilyalert.com /img/freeze Thumbs.db
2015.01.25 21:14 B C:\Users\Kevin\Google Drive\BiiEmergenseeWeb\Bii Web\BiiEmergenSEE\img\freeze\WS_FTP.LOG <-- Kevin /img/freeze WS_FTP.LOG
