2015.01.25 16:06 B C:\Users\Kevin\Google Drive\BiiEmergenseeWeb\Bii Web\BiiEmergenSEE\less\colors.less --> firstfamilyalert.com /less colors.less
2015.01.25 16:06 B C:\Users\Kevin\Google Drive\BiiEmergenseeWeb\Bii Web\BiiEmergenSEE\less\desktop.ini --> firstfamilyalert.com /less desktop.ini
2015.01.25 16:06 B C:\Users\Kevin\Google Drive\BiiEmergenseeWeb\Bii Web\BiiEmergenSEE\less\freeze.less --> firstfamilyalert.com /less freeze.less
2015.01.25 16:06 B C:\Users\Kevin\Google Drive\BiiEmergenseeWeb\Bii Web\BiiEmergenSEE\less\lib.less --> firstfamilyalert.com /less lib.less
2015.01.25 16:06 B C:\Users\Kevin\Google Drive\BiiEmergenseeWeb\Bii Web\BiiEmergenSEE\less\mixins.less --> firstfamilyalert.com /less mixins.less
2015.01.25 16:06 B C:\Users\Kevin\Google Drive\BiiEmergenseeWeb\Bii Web\BiiEmergenSEE\less\sb-admin-2.less --> firstfamilyalert.com /less sb-admin-2.less
2015.01.25 16:06 B C:\Users\Kevin\Google Drive\BiiEmergenseeWeb\Bii Web\BiiEmergenSEE\less\styles.less --> firstfamilyalert.com /less styles.less
2015.01.25 16:06 B C:\Users\Kevin\Google Drive\BiiEmergenseeWeb\Bii Web\BiiEmergenSEE\less\variables.less --> firstfamilyalert.com /less variables.less
2015.01.25 17:05 B C:\Users\Kevin\Google Drive\BiiEmergenseeWeb\Bii Web\BiiEmergenSEE\less\colors.less --> firstfamilyalert.com /less colors.less
2015.01.25 17:05 B C:\Users\Kevin\Google Drive\BiiEmergenseeWeb\Bii Web\BiiEmergenSEE\less\desktop.ini --> firstfamilyalert.com /less desktop.ini
2015.01.25 17:05 B C:\Users\Kevin\Google Drive\BiiEmergenseeWeb\Bii Web\BiiEmergenSEE\less\freeze.less --> firstfamilyalert.com /less freeze.less
2015.01.25 17:05 B C:\Users\Kevin\Google Drive\BiiEmergenseeWeb\Bii Web\BiiEmergenSEE\less\lib.less --> firstfamilyalert.com /less lib.less
2015.01.25 17:05 B C:\Users\Kevin\Google Drive\BiiEmergenseeWeb\Bii Web\BiiEmergenSEE\less\mixins.less --> firstfamilyalert.com /less mixins.less
2015.01.25 17:05 B C:\Users\Kevin\Google Drive\BiiEmergenseeWeb\Bii Web\BiiEmergenSEE\less\sb-admin-2.less --> firstfamilyalert.com /less sb-admin-2.less
2015.01.25 17:05 B C:\Users\Kevin\Google Drive\BiiEmergenseeWeb\Bii Web\BiiEmergenSEE\less\styles.less --> firstfamilyalert.com /less styles.less
2015.01.25 17:05 B C:\Users\Kevin\Google Drive\BiiEmergenseeWeb\Bii Web\BiiEmergenSEE\less\variables.less --> firstfamilyalert.com /less variables.less
2015.01.25 17:05 B C:\Users\Kevin\Google Drive\BiiEmergenseeWeb\Bii Web\BiiEmergenSEE\less\WS_FTP.LOG --> firstfamilyalert.com /less WS_FTP.LOG
2015.01.25 17:14 B C:\Users\Kevin\Google Drive\BiiEmergenseeWeb\Bii Web\BiiEmergenSEE\less\colors.less --> firstfamilyalert.com /less colors.less
2015.01.25 17:14 B C:\Users\Kevin\Google Drive\BiiEmergenseeWeb\Bii Web\BiiEmergenSEE\less\desktop.ini --> firstfamilyalert.com /less desktop.ini
2015.01.25 17:14 B C:\Users\Kevin\Google Drive\BiiEmergenseeWeb\Bii Web\BiiEmergenSEE\less\freeze.less --> firstfamilyalert.com /less freeze.less
2015.01.25 17:14 B C:\Users\Kevin\Google Drive\BiiEmergenseeWeb\Bii Web\BiiEmergenSEE\less\lib.less --> firstfamilyalert.com /less lib.less
2015.01.25 17:14 B C:\Users\Kevin\Google Drive\BiiEmergenseeWeb\Bii Web\BiiEmergenSEE\less\mixins.less --> firstfamilyalert.com /less mixins.less
2015.01.25 17:14 B C:\Users\Kevin\Google Drive\BiiEmergenseeWeb\Bii Web\BiiEmergenSEE\less\sb-admin-2.less --> firstfamilyalert.com /less sb-admin-2.less
2015.01.25 17:14 B C:\Users\Kevin\Google Drive\BiiEmergenseeWeb\Bii Web\BiiEmergenSEE\less\styles.less --> firstfamilyalert.com /less styles.less
2015.01.25 17:14 B C:\Users\Kevin\Google Drive\BiiEmergenseeWeb\Bii Web\BiiEmergenSEE\less\variables.less --> firstfamilyalert.com /less variables.less
2015.01.25 21:15 B C:\Users\Kevin\Google Drive\BiiEmergenseeWeb\Bii Web\BiiEmergenSEE\less\WS_FTP.LOG <-- Kevin /less WS_FTP.LOG
