2015.01.25 16:04 B C:\Users\Kevin\Google Drive\BiiEmergenseeWeb\Bii Web\BiiEmergenSEE\font-awesome-4.1.0\less\bordered-pulled.less --> firstfamilyalert.com /font-awesome-4.1.0/less bordered-pulled.less
2015.01.25 16:04 B C:\Users\Kevin\Google Drive\BiiEmergenseeWeb\Bii Web\BiiEmergenSEE\font-awesome-4.1.0\less\core.less --> firstfamilyalert.com /font-awesome-4.1.0/less core.less
2015.01.25 16:04 B C:\Users\Kevin\Google Drive\BiiEmergenseeWeb\Bii Web\BiiEmergenSEE\font-awesome-4.1.0\less\desktop.ini --> firstfamilyalert.com /font-awesome-4.1.0/less desktop.ini
2015.01.25 16:04 B C:\Users\Kevin\Google Drive\BiiEmergenseeWeb\Bii Web\BiiEmergenSEE\font-awesome-4.1.0\less\fixed-width.less --> firstfamilyalert.com /font-awesome-4.1.0/less fixed-width.less
2015.01.25 16:04 B C:\Users\Kevin\Google Drive\BiiEmergenseeWeb\Bii Web\BiiEmergenSEE\font-awesome-4.1.0\less\font-awesome.less --> firstfamilyalert.com /font-awesome-4.1.0/less font-awesome.less
2015.01.25 16:04 B C:\Users\Kevin\Google Drive\BiiEmergenseeWeb\Bii Web\BiiEmergenSEE\font-awesome-4.1.0\less\icons.less --> firstfamilyalert.com /font-awesome-4.1.0/less icons.less
2015.01.25 16:04 B C:\Users\Kevin\Google Drive\BiiEmergenseeWeb\Bii Web\BiiEmergenSEE\font-awesome-4.1.0\less\larger.less --> firstfamilyalert.com /font-awesome-4.1.0/less larger.less
2015.01.25 16:04 B C:\Users\Kevin\Google Drive\BiiEmergenseeWeb\Bii Web\BiiEmergenSEE\font-awesome-4.1.0\less\list.less --> firstfamilyalert.com /font-awesome-4.1.0/less list.less
2015.01.25 16:04 B C:\Users\Kevin\Google Drive\BiiEmergenseeWeb\Bii Web\BiiEmergenSEE\font-awesome-4.1.0\less\mixins.less --> firstfamilyalert.com /font-awesome-4.1.0/less mixins.less
2015.01.25 16:04 B C:\Users\Kevin\Google Drive\BiiEmergenseeWeb\Bii Web\BiiEmergenSEE\font-awesome-4.1.0\less\path.less --> firstfamilyalert.com /font-awesome-4.1.0/less path.less
2015.01.25 16:04 B C:\Users\Kevin\Google Drive\BiiEmergenseeWeb\Bii Web\BiiEmergenSEE\font-awesome-4.1.0\less\rotated-flipped.less --> firstfamilyalert.com /font-awesome-4.1.0/less rotated-flipped.less
2015.01.25 16:04 B C:\Users\Kevin\Google Drive\BiiEmergenseeWeb\Bii Web\BiiEmergenSEE\font-awesome-4.1.0\less\spinning.less --> firstfamilyalert.com /font-awesome-4.1.0/less spinning.less
2015.01.25 16:04 B C:\Users\Kevin\Google Drive\BiiEmergenseeWeb\Bii Web\BiiEmergenSEE\font-awesome-4.1.0\less\stacked.less --> firstfamilyalert.com /font-awesome-4.1.0/less stacked.less
2015.01.25 16:04 B C:\Users\Kevin\Google Drive\BiiEmergenseeWeb\Bii Web\BiiEmergenSEE\font-awesome-4.1.0\less\variables.less --> firstfamilyalert.com /font-awesome-4.1.0/less variables.less
2015.01.25 17:03 B C:\Users\Kevin\Google Drive\BiiEmergenseeWeb\Bii Web\BiiEmergenSEE\font-awesome-4.1.0\less\bordered-pulled.less --> firstfamilyalert.com /font-awesome-4.1.0/less bordered-pulled.less
2015.01.25 17:03 B C:\Users\Kevin\Google Drive\BiiEmergenseeWeb\Bii Web\BiiEmergenSEE\font-awesome-4.1.0\less\core.less --> firstfamilyalert.com /font-awesome-4.1.0/less core.less
2015.01.25 17:03 B C:\Users\Kevin\Google Drive\BiiEmergenseeWeb\Bii Web\BiiEmergenSEE\font-awesome-4.1.0\less\desktop.ini --> firstfamilyalert.com /font-awesome-4.1.0/less desktop.ini
2015.01.25 17:03 B C:\Users\Kevin\Google Drive\BiiEmergenseeWeb\Bii Web\BiiEmergenSEE\font-awesome-4.1.0\less\fixed-width.less --> firstfamilyalert.com /font-awesome-4.1.0/less fixed-width.less
2015.01.25 17:03 B C:\Users\Kevin\Google Drive\BiiEmergenseeWeb\Bii Web\BiiEmergenSEE\font-awesome-4.1.0\less\font-awesome.less --> firstfamilyalert.com /font-awesome-4.1.0/less font-awesome.less
2015.01.25 17:03 B C:\Users\Kevin\Google Drive\BiiEmergenseeWeb\Bii Web\BiiEmergenSEE\font-awesome-4.1.0\less\icons.less --> firstfamilyalert.com /font-awesome-4.1.0/less icons.less
2015.01.25 17:03 B C:\Users\Kevin\Google Drive\BiiEmergenseeWeb\Bii Web\BiiEmergenSEE\font-awesome-4.1.0\less\larger.less --> firstfamilyalert.com /font-awesome-4.1.0/less larger.less
2015.01.25 17:03 B C:\Users\Kevin\Google Drive\BiiEmergenseeWeb\Bii Web\BiiEmergenSEE\font-awesome-4.1.0\less\list.less --> firstfamilyalert.com /font-awesome-4.1.0/less list.less
2015.01.25 17:03 B C:\Users\Kevin\Google Drive\BiiEmergenseeWeb\Bii Web\BiiEmergenSEE\font-awesome-4.1.0\less\mixins.less --> firstfamilyalert.com /font-awesome-4.1.0/less mixins.less
2015.01.25 17:03 B C:\Users\Kevin\Google Drive\BiiEmergenseeWeb\Bii Web\BiiEmergenSEE\font-awesome-4.1.0\less\path.less --> firstfamilyalert.com /font-awesome-4.1.0/less path.less
2015.01.25 17:03 B C:\Users\Kevin\Google Drive\BiiEmergenseeWeb\Bii Web\BiiEmergenSEE\font-awesome-4.1.0\less\rotated-flipped.less --> firstfamilyalert.com /font-awesome-4.1.0/less rotated-flipped.less
2015.01.25 17:03 B C:\Users\Kevin\Google Drive\BiiEmergenseeWeb\Bii Web\BiiEmergenSEE\font-awesome-4.1.0\less\spinning.less --> firstfamilyalert.com /font-awesome-4.1.0/less spinning.less
2015.01.25 17:03 B C:\Users\Kevin\Google Drive\BiiEmergenseeWeb\Bii Web\BiiEmergenSEE\font-awesome-4.1.0\less\stacked.less --> firstfamilyalert.com /font-awesome-4.1.0/less stacked.less
2015.01.25 17:03 B C:\Users\Kevin\Google Drive\BiiEmergenseeWeb\Bii Web\BiiEmergenSEE\font-awesome-4.1.0\less\variables.less --> firstfamilyalert.com /font-awesome-4.1.0/less variables.less
2015.01.25 17:03 B C:\Users\Kevin\Google Drive\BiiEmergenseeWeb\Bii Web\BiiEmergenSEE\font-awesome-4.1.0\less\WS_FTP.LOG --> firstfamilyalert.com /font-awesome-4.1.0/less WS_FTP.LOG
2015.01.25 17:12 B C:\Users\Kevin\Google Drive\BiiEmergenseeWeb\Bii Web\BiiEmergenSEE\font-awesome-4.1.0\less\bordered-pulled.less --> firstfamilyalert.com /font-awesome-4.1.0/less bordered-pulled.less
2015.01.25 17:12 B C:\Users\Kevin\Google Drive\BiiEmergenseeWeb\Bii Web\BiiEmergenSEE\font-awesome-4.1.0\less\core.less --> firstfamilyalert.com /font-awesome-4.1.0/less core.less
2015.01.25 17:12 B C:\Users\Kevin\Google Drive\BiiEmergenseeWeb\Bii Web\BiiEmergenSEE\font-awesome-4.1.0\less\desktop.ini --> firstfamilyalert.com /font-awesome-4.1.0/less desktop.ini
2015.01.25 17:12 B C:\Users\Kevin\Google Drive\BiiEmergenseeWeb\Bii Web\BiiEmergenSEE\font-awesome-4.1.0\less\fixed-width.less --> firstfamilyalert.com /font-awesome-4.1.0/less fixed-width.less
2015.01.25 17:12 B C:\Users\Kevin\Google Drive\BiiEmergenseeWeb\Bii Web\BiiEmergenSEE\font-awesome-4.1.0\less\font-awesome.less --> firstfamilyalert.com /font-awesome-4.1.0/less font-awesome.less
2015.01.25 17:12 B C:\Users\Kevin\Google Drive\BiiEmergenseeWeb\Bii Web\BiiEmergenSEE\font-awesome-4.1.0\less\icons.less --> firstfamilyalert.com /font-awesome-4.1.0/less icons.less
2015.01.25 17:12 B C:\Users\Kevin\Google Drive\BiiEmergenseeWeb\Bii Web\BiiEmergenSEE\font-awesome-4.1.0\less\larger.less --> firstfamilyalert.com /font-awesome-4.1.0/less larger.less
2015.01.25 17:12 B C:\Users\Kevin\Google Drive\BiiEmergenseeWeb\Bii Web\BiiEmergenSEE\font-awesome-4.1.0\less\list.less --> firstfamilyalert.com /font-awesome-4.1.0/less list.less
2015.01.25 17:13 B C:\Users\Kevin\Google Drive\BiiEmergenseeWeb\Bii Web\BiiEmergenSEE\font-awesome-4.1.0\less\mixins.less --> firstfamilyalert.com /font-awesome-4.1.0/less mixins.less
2015.01.25 17:13 B C:\Users\Kevin\Google Drive\BiiEmergenseeWeb\Bii Web\BiiEmergenSEE\font-awesome-4.1.0\less\path.less --> firstfamilyalert.com /font-awesome-4.1.0/less path.less
2015.01.25 17:13 B C:\Users\Kevin\Google Drive\BiiEmergenseeWeb\Bii Web\BiiEmergenSEE\font-awesome-4.1.0\less\rotated-flipped.less --> firstfamilyalert.com /font-awesome-4.1.0/less rotated-flipped.less
2015.01.25 17:13 B C:\Users\Kevin\Google Drive\BiiEmergenseeWeb\Bii Web\BiiEmergenSEE\font-awesome-4.1.0\less\spinning.less --> firstfamilyalert.com /font-awesome-4.1.0/less spinning.less
2015.01.25 17:13 B C:\Users\Kevin\Google Drive\BiiEmergenseeWeb\Bii Web\BiiEmergenSEE\font-awesome-4.1.0\less\stacked.less --> firstfamilyalert.com /font-awesome-4.1.0/less stacked.less
2015.01.25 17:13 B C:\Users\Kevin\Google Drive\BiiEmergenseeWeb\Bii Web\BiiEmergenSEE\font-awesome-4.1.0\less\variables.less --> firstfamilyalert.com /font-awesome-4.1.0/less variables.less
2015.01.25 21:14 B C:\Users\Kevin\Google Drive\BiiEmergenseeWeb\Bii Web\BiiEmergenSEE\font-awesome-4.1.0\less\WS_FTP.LOG <-- Kevin /font-awesome-4.1.0/less WS_FTP.LOG
