2015.01.25 16:04 B C:\Users\Kevin\Google Drive\BiiEmergenseeWeb\Bii Web\BiiEmergenSEE\fonts\desktop.ini --> firstfamilyalert.com /fonts desktop.ini
2015.01.25 16:05 B C:\Users\Kevin\Google Drive\BiiEmergenseeWeb\Bii Web\BiiEmergenSEE\fonts\flexslider-icon.eot --> firstfamilyalert.com /fonts flexslider-icon.eot
2015.01.25 16:05 B C:\Users\Kevin\Google Drive\BiiEmergenseeWeb\Bii Web\BiiEmergenSEE\fonts\flexslider-icon.svg --> firstfamilyalert.com /fonts flexslider-icon.svg
2015.01.25 16:05 B C:\Users\Kevin\Google Drive\BiiEmergenseeWeb\Bii Web\BiiEmergenSEE\fonts\flexslider-icon.ttf --> firstfamilyalert.com /fonts flexslider-icon.ttf
2015.01.25 16:05 B C:\Users\Kevin\Google Drive\BiiEmergenseeWeb\Bii Web\BiiEmergenSEE\fonts\flexslider-icon.woff --> firstfamilyalert.com /fonts flexslider-icon.woff
2015.01.25 16:05 B C:\Users\Kevin\Google Drive\BiiEmergenseeWeb\Bii Web\BiiEmergenSEE\fonts\fontawesome-webfont.eot --> firstfamilyalert.com /fonts fontawesome-webfont.eot
2015.01.25 16:05 B C:\Users\Kevin\Google Drive\BiiEmergenseeWeb\Bii Web\BiiEmergenSEE\fonts\fontawesome-webfont.svg --> firstfamilyalert.com /fonts fontawesome-webfont.svg
2015.01.25 16:05 B C:\Users\Kevin\Google Drive\BiiEmergenseeWeb\Bii Web\BiiEmergenSEE\fonts\fontawesome-webfont.ttf --> firstfamilyalert.com /fonts fontawesome-webfont.ttf
2015.01.25 16:05 B C:\Users\Kevin\Google Drive\BiiEmergenseeWeb\Bii Web\BiiEmergenSEE\fonts\fontawesome-webfont.woff --> firstfamilyalert.com /fonts fontawesome-webfont.woff
2015.01.25 16:05 B C:\Users\Kevin\Google Drive\BiiEmergenseeWeb\Bii Web\BiiEmergenSEE\fonts\FontAwesome.otf --> firstfamilyalert.com /fonts FontAwesome.otf
2015.01.25 16:05 B C:\Users\Kevin\Google Drive\BiiEmergenseeWeb\Bii Web\BiiEmergenSEE\fonts\glyphicons-halflings-regular.eot --> firstfamilyalert.com /fonts glyphicons-halflings-regular.eot
2015.01.25 16:05 B C:\Users\Kevin\Google Drive\BiiEmergenseeWeb\Bii Web\BiiEmergenSEE\fonts\glyphicons-halflings-regular.svg --> firstfamilyalert.com /fonts glyphicons-halflings-regular.svg
2015.01.25 16:05 B C:\Users\Kevin\Google Drive\BiiEmergenseeWeb\Bii Web\BiiEmergenSEE\fonts\glyphicons-halflings-regular.ttf --> firstfamilyalert.com /fonts glyphicons-halflings-regular.ttf
2015.01.25 16:05 B C:\Users\Kevin\Google Drive\BiiEmergenseeWeb\Bii Web\BiiEmergenSEE\fonts\glyphicons-halflings-regular.woff --> firstfamilyalert.com /fonts glyphicons-halflings-regular.woff
2015.01.25 17:04 B C:\Users\Kevin\Google Drive\BiiEmergenseeWeb\Bii Web\BiiEmergenSEE\fonts\desktop.ini --> firstfamilyalert.com /fonts desktop.ini
2015.01.25 17:04 B C:\Users\Kevin\Google Drive\BiiEmergenseeWeb\Bii Web\BiiEmergenSEE\fonts\flexslider-icon.eot --> firstfamilyalert.com /fonts flexslider-icon.eot
2015.01.25 17:04 B C:\Users\Kevin\Google Drive\BiiEmergenseeWeb\Bii Web\BiiEmergenSEE\fonts\flexslider-icon.svg --> firstfamilyalert.com /fonts flexslider-icon.svg
2015.01.25 17:04 B C:\Users\Kevin\Google Drive\BiiEmergenseeWeb\Bii Web\BiiEmergenSEE\fonts\flexslider-icon.ttf --> firstfamilyalert.com /fonts flexslider-icon.ttf
2015.01.25 17:04 B C:\Users\Kevin\Google Drive\BiiEmergenseeWeb\Bii Web\BiiEmergenSEE\fonts\flexslider-icon.woff --> firstfamilyalert.com /fonts flexslider-icon.woff
2015.01.25 17:04 B C:\Users\Kevin\Google Drive\BiiEmergenseeWeb\Bii Web\BiiEmergenSEE\fonts\fontawesome-webfont.eot --> firstfamilyalert.com /fonts fontawesome-webfont.eot
2015.01.25 17:04 B C:\Users\Kevin\Google Drive\BiiEmergenseeWeb\Bii Web\BiiEmergenSEE\fonts\fontawesome-webfont.svg --> firstfamilyalert.com /fonts fontawesome-webfont.svg
2015.01.25 17:04 B C:\Users\Kevin\Google Drive\BiiEmergenseeWeb\Bii Web\BiiEmergenSEE\fonts\fontawesome-webfont.ttf --> firstfamilyalert.com /fonts fontawesome-webfont.ttf
2015.01.25 17:04 B C:\Users\Kevin\Google Drive\BiiEmergenseeWeb\Bii Web\BiiEmergenSEE\fonts\fontawesome-webfont.woff --> firstfamilyalert.com /fonts fontawesome-webfont.woff
2015.01.25 17:04 B C:\Users\Kevin\Google Drive\BiiEmergenseeWeb\Bii Web\BiiEmergenSEE\fonts\FontAwesome.otf --> firstfamilyalert.com /fonts FontAwesome.otf
2015.01.25 17:04 B C:\Users\Kevin\Google Drive\BiiEmergenseeWeb\Bii Web\BiiEmergenSEE\fonts\glyphicons-halflings-regular.eot --> firstfamilyalert.com /fonts glyphicons-halflings-regular.eot
2015.01.25 17:04 B C:\Users\Kevin\Google Drive\BiiEmergenseeWeb\Bii Web\BiiEmergenSEE\fonts\glyphicons-halflings-regular.svg --> firstfamilyalert.com /fonts glyphicons-halflings-regular.svg
2015.01.25 17:04 B C:\Users\Kevin\Google Drive\BiiEmergenseeWeb\Bii Web\BiiEmergenSEE\fonts\glyphicons-halflings-regular.ttf --> firstfamilyalert.com /fonts glyphicons-halflings-regular.ttf
2015.01.25 17:04 B C:\Users\Kevin\Google Drive\BiiEmergenseeWeb\Bii Web\BiiEmergenSEE\fonts\glyphicons-halflings-regular.woff --> firstfamilyalert.com /fonts glyphicons-halflings-regular.woff
2015.01.25 17:04 B C:\Users\Kevin\Google Drive\BiiEmergenseeWeb\Bii Web\BiiEmergenSEE\fonts\WS_FTP.LOG --> firstfamilyalert.com /fonts WS_FTP.LOG
2015.01.25 17:13 B C:\Users\Kevin\Google Drive\BiiEmergenseeWeb\Bii Web\BiiEmergenSEE\fonts\desktop.ini --> firstfamilyalert.com /fonts desktop.ini
2015.01.25 17:13 B C:\Users\Kevin\Google Drive\BiiEmergenseeWeb\Bii Web\BiiEmergenSEE\fonts\flexslider-icon.eot --> firstfamilyalert.com /fonts flexslider-icon.eot
2015.01.25 17:13 B C:\Users\Kevin\Google Drive\BiiEmergenseeWeb\Bii Web\BiiEmergenSEE\fonts\flexslider-icon.svg --> firstfamilyalert.com /fonts flexslider-icon.svg
2015.01.25 17:13 B C:\Users\Kevin\Google Drive\BiiEmergenseeWeb\Bii Web\BiiEmergenSEE\fonts\flexslider-icon.ttf --> firstfamilyalert.com /fonts flexslider-icon.ttf
2015.01.25 17:13 B C:\Users\Kevin\Google Drive\BiiEmergenseeWeb\Bii Web\BiiEmergenSEE\fonts\flexslider-icon.woff --> firstfamilyalert.com /fonts flexslider-icon.woff
2015.01.25 17:13 B C:\Users\Kevin\Google Drive\BiiEmergenseeWeb\Bii Web\BiiEmergenSEE\fonts\fontawesome-webfont.eot --> firstfamilyalert.com /fonts fontawesome-webfont.eot
2015.01.25 17:13 B C:\Users\Kevin\Google Drive\BiiEmergenseeWeb\Bii Web\BiiEmergenSEE\fonts\fontawesome-webfont.svg --> firstfamilyalert.com /fonts fontawesome-webfont.svg
2015.01.25 17:13 B C:\Users\Kevin\Google Drive\BiiEmergenseeWeb\Bii Web\BiiEmergenSEE\fonts\fontawesome-webfont.ttf --> firstfamilyalert.com /fonts fontawesome-webfont.ttf
2015.01.25 17:13 B C:\Users\Kevin\Google Drive\BiiEmergenseeWeb\Bii Web\BiiEmergenSEE\fonts\fontawesome-webfont.woff --> firstfamilyalert.com /fonts fontawesome-webfont.woff
2015.01.25 17:13 B C:\Users\Kevin\Google Drive\BiiEmergenseeWeb\Bii Web\BiiEmergenSEE\fonts\FontAwesome.otf --> firstfamilyalert.com /fonts FontAwesome.otf
2015.01.25 17:13 B C:\Users\Kevin\Google Drive\BiiEmergenseeWeb\Bii Web\BiiEmergenSEE\fonts\glyphicons-halflings-regular.eot --> firstfamilyalert.com /fonts glyphicons-halflings-regular.eot
2015.01.25 17:13 B C:\Users\Kevin\Google Drive\BiiEmergenseeWeb\Bii Web\BiiEmergenSEE\fonts\glyphicons-halflings-regular.svg --> firstfamilyalert.com /fonts glyphicons-halflings-regular.svg
2015.01.25 17:13 B C:\Users\Kevin\Google Drive\BiiEmergenseeWeb\Bii Web\BiiEmergenSEE\fonts\glyphicons-halflings-regular.ttf --> firstfamilyalert.com /fonts glyphicons-halflings-regular.ttf
2015.01.25 17:13 B C:\Users\Kevin\Google Drive\BiiEmergenseeWeb\Bii Web\BiiEmergenSEE\fonts\glyphicons-halflings-regular.woff --> firstfamilyalert.com /fonts glyphicons-halflings-regular.woff
2015.01.25 21:14 B C:\Users\Kevin\Google Drive\BiiEmergenseeWeb\Bii Web\BiiEmergenSEE\fonts\WS_FTP.LOG <-- Kevin /fonts WS_FTP.LOG
