2015.01.25 16:05 B C:\Users\Kevin\Google Drive\BiiEmergenseeWeb\Bii Web\BiiEmergenSEE\js\rs-plugin\assets\arrow_large_left.png --> firstfamilyalert.com /js/rs-plugin/assets arrow_large_left.png
2015.01.25 16:05 B C:\Users\Kevin\Google Drive\BiiEmergenseeWeb\Bii Web\BiiEmergenSEE\js\rs-plugin\assets\arrow_large_right.png --> firstfamilyalert.com /js/rs-plugin/assets arrow_large_right.png
2015.01.25 16:05 B C:\Users\Kevin\Google Drive\BiiEmergenseeWeb\Bii Web\BiiEmergenSEE\js\rs-plugin\assets\arrow_left.png --> firstfamilyalert.com /js/rs-plugin/assets arrow_left.png
2015.01.25 16:05 B C:\Users\Kevin\Google Drive\BiiEmergenseeWeb\Bii Web\BiiEmergenSEE\js\rs-plugin\assets\arrow_left2.png --> firstfamilyalert.com /js/rs-plugin/assets arrow_left2.png
2015.01.25 16:05 B C:\Users\Kevin\Google Drive\BiiEmergenseeWeb\Bii Web\BiiEmergenSEE\js\rs-plugin\assets\arrow_right.png --> firstfamilyalert.com /js/rs-plugin/assets arrow_right.png
2015.01.25 16:05 B C:\Users\Kevin\Google Drive\BiiEmergenseeWeb\Bii Web\BiiEmergenSEE\js\rs-plugin\assets\arrow_right2.png --> firstfamilyalert.com /js/rs-plugin/assets arrow_right2.png
2015.01.25 16:05 B C:\Users\Kevin\Google Drive\BiiEmergenseeWeb\Bii Web\BiiEmergenSEE\js\rs-plugin\assets\arrowleft.png --> firstfamilyalert.com /js/rs-plugin/assets arrowleft.png
2015.01.25 16:05 B C:\Users\Kevin\Google Drive\BiiEmergenseeWeb\Bii Web\BiiEmergenSEE\js\rs-plugin\assets\arrowright.png --> firstfamilyalert.com /js/rs-plugin/assets arrowright.png
2015.01.25 16:05 B C:\Users\Kevin\Google Drive\BiiEmergenseeWeb\Bii Web\BiiEmergenSEE\js\rs-plugin\assets\arrows.psd --> firstfamilyalert.com /js/rs-plugin/assets arrows.psd
2015.01.25 16:05 B C:\Users\Kevin\Google Drive\BiiEmergenseeWeb\Bii Web\BiiEmergenSEE\js\rs-plugin\assets\black50.png --> firstfamilyalert.com /js/rs-plugin/assets black50.png
2015.01.25 16:05 B C:\Users\Kevin\Google Drive\BiiEmergenseeWeb\Bii Web\BiiEmergenSEE\js\rs-plugin\assets\boxed_bgtile.png --> firstfamilyalert.com /js/rs-plugin/assets boxed_bgtile.png
2015.01.25 16:05 B C:\Users\Kevin\Google Drive\BiiEmergenseeWeb\Bii Web\BiiEmergenSEE\js\rs-plugin\assets\bullet.png --> firstfamilyalert.com /js/rs-plugin/assets bullet.png
2015.01.25 16:05 B C:\Users\Kevin\Google Drive\BiiEmergenseeWeb\Bii Web\BiiEmergenSEE\js\rs-plugin\assets\bullet_boxed.png --> firstfamilyalert.com /js/rs-plugin/assets bullet_boxed.png
2015.01.25 16:06 B C:\Users\Kevin\Google Drive\BiiEmergenseeWeb\Bii Web\BiiEmergenSEE\js\rs-plugin\assets\bullets.png --> firstfamilyalert.com /js/rs-plugin/assets bullets.png
2015.01.25 16:06 B C:\Users\Kevin\Google Drive\BiiEmergenseeWeb\Bii Web\BiiEmergenSEE\js\rs-plugin\assets\bullets.psd --> firstfamilyalert.com /js/rs-plugin/assets bullets.psd
2015.01.25 16:06 B C:\Users\Kevin\Google Drive\BiiEmergenseeWeb\Bii Web\BiiEmergenSEE\js\rs-plugin\assets\bullets2.png --> firstfamilyalert.com /js/rs-plugin/assets bullets2.png
2015.01.25 16:06 B C:\Users\Kevin\Google Drive\BiiEmergenseeWeb\Bii Web\BiiEmergenSEE\js\rs-plugin\assets\coloredbg.png --> firstfamilyalert.com /js/rs-plugin/assets coloredbg.png
2015.01.25 16:06 B C:\Users\Kevin\Google Drive\BiiEmergenseeWeb\Bii Web\BiiEmergenSEE\js\rs-plugin\assets\desktop.ini --> firstfamilyalert.com /js/rs-plugin/assets desktop.ini
2015.01.25 16:06 B C:\Users\Kevin\Google Drive\BiiEmergenseeWeb\Bii Web\BiiEmergenSEE\js\rs-plugin\assets\grain.png --> firstfamilyalert.com /js/rs-plugin/assets grain.png
2015.01.25 16:06 B C:\Users\Kevin\Google Drive\BiiEmergenseeWeb\Bii Web\BiiEmergenSEE\js\rs-plugin\assets\gridtile.png --> firstfamilyalert.com /js/rs-plugin/assets gridtile.png
2015.01.25 16:06 B C:\Users\Kevin\Google Drive\BiiEmergenseeWeb\Bii Web\BiiEmergenSEE\js\rs-plugin\assets\gridtile_3x3.png --> firstfamilyalert.com /js/rs-plugin/assets gridtile_3x3.png
2015.01.25 16:06 B C:\Users\Kevin\Google Drive\BiiEmergenseeWeb\Bii Web\BiiEmergenSEE\js\rs-plugin\assets\gridtile_3x3_white.png --> firstfamilyalert.com /js/rs-plugin/assets gridtile_3x3_white.png
2015.01.25 16:06 B C:\Users\Kevin\Google Drive\BiiEmergenseeWeb\Bii Web\BiiEmergenSEE\js\rs-plugin\assets\gridtile_white.png --> firstfamilyalert.com /js/rs-plugin/assets gridtile_white.png
2015.01.25 16:06 B C:\Users\Kevin\Google Drive\BiiEmergenseeWeb\Bii Web\BiiEmergenSEE\js\rs-plugin\assets\large_left.png --> firstfamilyalert.com /js/rs-plugin/assets large_left.png
2015.01.25 16:06 B C:\Users\Kevin\Google Drive\BiiEmergenseeWeb\Bii Web\BiiEmergenSEE\js\rs-plugin\assets\large_right.png --> firstfamilyalert.com /js/rs-plugin/assets large_right.png
2015.01.25 16:06 B C:\Users\Kevin\Google Drive\BiiEmergenseeWeb\Bii Web\BiiEmergenSEE\js\rs-plugin\assets\loader.gif --> firstfamilyalert.com /js/rs-plugin/assets loader.gif
2015.01.25 16:06 B C:\Users\Kevin\Google Drive\BiiEmergenseeWeb\Bii Web\BiiEmergenSEE\js\rs-plugin\assets\loader2.gif --> firstfamilyalert.com /js/rs-plugin/assets loader2.gif
2015.01.25 16:06 B C:\Users\Kevin\Google Drive\BiiEmergenseeWeb\Bii Web\BiiEmergenSEE\js\rs-plugin\assets\navigdots.png --> firstfamilyalert.com /js/rs-plugin/assets navigdots.png
2015.01.25 16:06 B C:\Users\Kevin\Google Drive\BiiEmergenseeWeb\Bii Web\BiiEmergenSEE\js\rs-plugin\assets\navigdots_bgtile.png --> firstfamilyalert.com /js/rs-plugin/assets navigdots_bgtile.png
2015.01.25 16:06 B C:\Users\Kevin\Google Drive\BiiEmergenseeWeb\Bii Web\BiiEmergenSEE\js\rs-plugin\assets\shadow1.png --> firstfamilyalert.com /js/rs-plugin/assets shadow1.png
2015.01.25 16:06 B C:\Users\Kevin\Google Drive\BiiEmergenseeWeb\Bii Web\BiiEmergenSEE\js\rs-plugin\assets\shadow2.png --> firstfamilyalert.com /js/rs-plugin/assets shadow2.png
2015.01.25 16:06 B C:\Users\Kevin\Google Drive\BiiEmergenseeWeb\Bii Web\BiiEmergenSEE\js\rs-plugin\assets\shadow3.png --> firstfamilyalert.com /js/rs-plugin/assets shadow3.png
2015.01.25 16:06 B C:\Users\Kevin\Google Drive\BiiEmergenseeWeb\Bii Web\BiiEmergenSEE\js\rs-plugin\assets\small_arrows.psd --> firstfamilyalert.com /js/rs-plugin/assets small_arrows.psd
2015.01.25 16:06 B C:\Users\Kevin\Google Drive\BiiEmergenseeWeb\Bii Web\BiiEmergenSEE\js\rs-plugin\assets\small_left.png --> firstfamilyalert.com /js/rs-plugin/assets small_left.png
2015.01.25 16:06 B C:\Users\Kevin\Google Drive\BiiEmergenseeWeb\Bii Web\BiiEmergenSEE\js\rs-plugin\assets\small_left_boxed.png --> firstfamilyalert.com /js/rs-plugin/assets small_left_boxed.png
2015.01.25 16:06 B C:\Users\Kevin\Google Drive\BiiEmergenseeWeb\Bii Web\BiiEmergenSEE\js\rs-plugin\assets\small_right.png --> firstfamilyalert.com /js/rs-plugin/assets small_right.png
2015.01.25 16:06 B C:\Users\Kevin\Google Drive\BiiEmergenseeWeb\Bii Web\BiiEmergenSEE\js\rs-plugin\assets\small_right_boxed.png --> firstfamilyalert.com /js/rs-plugin/assets small_right_boxed.png
2015.01.25 16:06 B C:\Users\Kevin\Google Drive\BiiEmergenseeWeb\Bii Web\BiiEmergenSEE\js\rs-plugin\assets\timer.png --> firstfamilyalert.com /js/rs-plugin/assets timer.png
2015.01.25 16:06 B C:\Users\Kevin\Google Drive\BiiEmergenseeWeb\Bii Web\BiiEmergenSEE\js\rs-plugin\assets\timerdot.png --> firstfamilyalert.com /js/rs-plugin/assets timerdot.png
2015.01.25 16:06 B C:\Users\Kevin\Google Drive\BiiEmergenseeWeb\Bii Web\BiiEmergenSEE\js\rs-plugin\assets\transparent.jpg --> firstfamilyalert.com /js/rs-plugin/assets transparent.jpg
2015.01.25 16:06 B C:\Users\Kevin\Google Drive\BiiEmergenseeWeb\Bii Web\BiiEmergenSEE\js\rs-plugin\assets\white50.png --> firstfamilyalert.com /js/rs-plugin/assets white50.png
2015.01.25 17:05 B C:\Users\Kevin\Google Drive\BiiEmergenseeWeb\Bii Web\BiiEmergenSEE\js\rs-plugin\assets\arrow_large_left.png --> firstfamilyalert.com /js/rs-plugin/assets arrow_large_left.png
2015.01.25 17:05 B C:\Users\Kevin\Google Drive\BiiEmergenseeWeb\Bii Web\BiiEmergenSEE\js\rs-plugin\assets\arrow_large_right.png --> firstfamilyalert.com /js/rs-plugin/assets arrow_large_right.png
2015.01.25 17:05 B C:\Users\Kevin\Google Drive\BiiEmergenseeWeb\Bii Web\BiiEmergenSEE\js\rs-plugin\assets\arrow_left.png --> firstfamilyalert.com /js/rs-plugin/assets arrow_left.png
2015.01.25 17:05 B C:\Users\Kevin\Google Drive\BiiEmergenseeWeb\Bii Web\BiiEmergenSEE\js\rs-plugin\assets\arrow_left2.png --> firstfamilyalert.com /js/rs-plugin/assets arrow_left2.png
2015.01.25 17:05 B C:\Users\Kevin\Google Drive\BiiEmergenseeWeb\Bii Web\BiiEmergenSEE\js\rs-plugin\assets\arrow_right.png --> firstfamilyalert.com /js/rs-plugin/assets arrow_right.png
2015.01.25 17:05 B C:\Users\Kevin\Google Drive\BiiEmergenseeWeb\Bii Web\BiiEmergenSEE\js\rs-plugin\assets\arrow_right2.png --> firstfamilyalert.com /js/rs-plugin/assets arrow_right2.png
2015.01.25 17:05 B C:\Users\Kevin\Google Drive\BiiEmergenseeWeb\Bii Web\BiiEmergenSEE\js\rs-plugin\assets\arrowleft.png --> firstfamilyalert.com /js/rs-plugin/assets arrowleft.png
2015.01.25 17:05 B C:\Users\Kevin\Google Drive\BiiEmergenseeWeb\Bii Web\BiiEmergenSEE\js\rs-plugin\assets\arrowright.png --> firstfamilyalert.com /js/rs-plugin/assets arrowright.png
2015.01.25 17:05 B C:\Users\Kevin\Google Drive\BiiEmergenseeWeb\Bii Web\BiiEmergenSEE\js\rs-plugin\assets\arrows.psd --> firstfamilyalert.com /js/rs-plugin/assets arrows.psd
2015.01.25 17:05 B C:\Users\Kevin\Google Drive\BiiEmergenseeWeb\Bii Web\BiiEmergenSEE\js\rs-plugin\assets\black50.png --> firstfamilyalert.com /js/rs-plugin/assets black50.png
2015.01.25 17:05 B C:\Users\Kevin\Google Drive\BiiEmergenseeWeb\Bii Web\BiiEmergenSEE\js\rs-plugin\assets\boxed_bgtile.png --> firstfamilyalert.com /js/rs-plugin/assets boxed_bgtile.png
2015.01.25 17:05 B C:\Users\Kevin\Google Drive\BiiEmergenseeWeb\Bii Web\BiiEmergenSEE\js\rs-plugin\assets\bullet.png --> firstfamilyalert.com /js/rs-plugin/assets bullet.png
2015.01.25 17:05 B C:\Users\Kevin\Google Drive\BiiEmergenseeWeb\Bii Web\BiiEmergenSEE\js\rs-plugin\assets\bullet_boxed.png --> firstfamilyalert.com /js/rs-plugin/assets bullet_boxed.png
2015.01.25 17:05 B C:\Users\Kevin\Google Drive\BiiEmergenseeWeb\Bii Web\BiiEmergenSEE\js\rs-plugin\assets\bullets.png --> firstfamilyalert.com /js/rs-plugin/assets bullets.png
2015.01.25 17:05 B C:\Users\Kevin\Google Drive\BiiEmergenseeWeb\Bii Web\BiiEmergenSEE\js\rs-plugin\assets\bullets.psd --> firstfamilyalert.com /js/rs-plugin/assets bullets.psd
2015.01.25 17:05 B C:\Users\Kevin\Google Drive\BiiEmergenseeWeb\Bii Web\BiiEmergenSEE\js\rs-plugin\assets\bullets2.png --> firstfamilyalert.com /js/rs-plugin/assets bullets2.png
2015.01.25 17:05 B C:\Users\Kevin\Google Drive\BiiEmergenseeWeb\Bii Web\BiiEmergenSEE\js\rs-plugin\assets\coloredbg.png --> firstfamilyalert.com /js/rs-plugin/assets coloredbg.png
2015.01.25 17:05 B C:\Users\Kevin\Google Drive\BiiEmergenseeWeb\Bii Web\BiiEmergenSEE\js\rs-plugin\assets\desktop.ini --> firstfamilyalert.com /js/rs-plugin/assets desktop.ini
2015.01.25 17:05 B C:\Users\Kevin\Google Drive\BiiEmergenseeWeb\Bii Web\BiiEmergenSEE\js\rs-plugin\assets\grain.png --> firstfamilyalert.com /js/rs-plugin/assets grain.png
2015.01.25 17:05 B C:\Users\Kevin\Google Drive\BiiEmergenseeWeb\Bii Web\BiiEmergenSEE\js\rs-plugin\assets\gridtile.png --> firstfamilyalert.com /js/rs-plugin/assets gridtile.png
2015.01.25 17:05 B C:\Users\Kevin\Google Drive\BiiEmergenseeWeb\Bii Web\BiiEmergenSEE\js\rs-plugin\assets\gridtile_3x3.png --> firstfamilyalert.com /js/rs-plugin/assets gridtile_3x3.png
2015.01.25 17:05 B C:\Users\Kevin\Google Drive\BiiEmergenseeWeb\Bii Web\BiiEmergenSEE\js\rs-plugin\assets\gridtile_3x3_white.png --> firstfamilyalert.com /js/rs-plugin/assets gridtile_3x3_white.png
2015.01.25 17:05 B C:\Users\Kevin\Google Drive\BiiEmergenseeWeb\Bii Web\BiiEmergenSEE\js\rs-plugin\assets\gridtile_white.png --> firstfamilyalert.com /js/rs-plugin/assets gridtile_white.png
2015.01.25 17:05 B C:\Users\Kevin\Google Drive\BiiEmergenseeWeb\Bii Web\BiiEmergenSEE\js\rs-plugin\assets\large_left.png --> firstfamilyalert.com /js/rs-plugin/assets large_left.png
2015.01.25 17:05 B C:\Users\Kevin\Google Drive\BiiEmergenseeWeb\Bii Web\BiiEmergenSEE\js\rs-plugin\assets\large_right.png --> firstfamilyalert.com /js/rs-plugin/assets large_right.png
2015.01.25 17:05 B C:\Users\Kevin\Google Drive\BiiEmergenseeWeb\Bii Web\BiiEmergenSEE\js\rs-plugin\assets\loader.gif --> firstfamilyalert.com /js/rs-plugin/assets loader.gif
2015.01.25 17:05 B C:\Users\Kevin\Google Drive\BiiEmergenseeWeb\Bii Web\BiiEmergenSEE\js\rs-plugin\assets\loader2.gif --> firstfamilyalert.com /js/rs-plugin/assets loader2.gif
2015.01.25 17:05 B C:\Users\Kevin\Google Drive\BiiEmergenseeWeb\Bii Web\BiiEmergenSEE\js\rs-plugin\assets\navigdots.png --> firstfamilyalert.com /js/rs-plugin/assets navigdots.png
2015.01.25 17:05 B C:\Users\Kevin\Google Drive\BiiEmergenseeWeb\Bii Web\BiiEmergenSEE\js\rs-plugin\assets\navigdots_bgtile.png --> firstfamilyalert.com /js/rs-plugin/assets navigdots_bgtile.png
2015.01.25 17:05 B C:\Users\Kevin\Google Drive\BiiEmergenseeWeb\Bii Web\BiiEmergenSEE\js\rs-plugin\assets\shadow1.png --> firstfamilyalert.com /js/rs-plugin/assets shadow1.png
2015.01.25 17:05 B C:\Users\Kevin\Google Drive\BiiEmergenseeWeb\Bii Web\BiiEmergenSEE\js\rs-plugin\assets\shadow2.png --> firstfamilyalert.com /js/rs-plugin/assets shadow2.png
2015.01.25 17:05 B C:\Users\Kevin\Google Drive\BiiEmergenseeWeb\Bii Web\BiiEmergenSEE\js\rs-plugin\assets\shadow3.png --> firstfamilyalert.com /js/rs-plugin/assets shadow3.png
2015.01.25 17:05 B C:\Users\Kevin\Google Drive\BiiEmergenseeWeb\Bii Web\BiiEmergenSEE\js\rs-plugin\assets\small_arrows.psd --> firstfamilyalert.com /js/rs-plugin/assets small_arrows.psd
2015.01.25 17:05 B C:\Users\Kevin\Google Drive\BiiEmergenseeWeb\Bii Web\BiiEmergenSEE\js\rs-plugin\assets\small_left.png --> firstfamilyalert.com /js/rs-plugin/assets small_left.png
2015.01.25 17:05 B C:\Users\Kevin\Google Drive\BiiEmergenseeWeb\Bii Web\BiiEmergenSEE\js\rs-plugin\assets\small_left_boxed.png --> firstfamilyalert.com /js/rs-plugin/assets small_left_boxed.png
2015.01.25 17:05 B C:\Users\Kevin\Google Drive\BiiEmergenseeWeb\Bii Web\BiiEmergenSEE\js\rs-plugin\assets\small_right.png --> firstfamilyalert.com /js/rs-plugin/assets small_right.png
2015.01.25 17:05 B C:\Users\Kevin\Google Drive\BiiEmergenseeWeb\Bii Web\BiiEmergenSEE\js\rs-plugin\assets\small_right_boxed.png --> firstfamilyalert.com /js/rs-plugin/assets small_right_boxed.png
2015.01.25 17:05 B C:\Users\Kevin\Google Drive\BiiEmergenseeWeb\Bii Web\BiiEmergenSEE\js\rs-plugin\assets\timer.png --> firstfamilyalert.com /js/rs-plugin/assets timer.png
2015.01.25 17:05 B C:\Users\Kevin\Google Drive\BiiEmergenseeWeb\Bii Web\BiiEmergenSEE\js\rs-plugin\assets\timerdot.png --> firstfamilyalert.com /js/rs-plugin/assets timerdot.png
2015.01.25 17:05 B C:\Users\Kevin\Google Drive\BiiEmergenseeWeb\Bii Web\BiiEmergenSEE\js\rs-plugin\assets\transparent.jpg --> firstfamilyalert.com /js/rs-plugin/assets transparent.jpg
2015.01.25 17:05 B C:\Users\Kevin\Google Drive\BiiEmergenseeWeb\Bii Web\BiiEmergenSEE\js\rs-plugin\assets\white50.png --> firstfamilyalert.com /js/rs-plugin/assets white50.png
2015.01.25 17:05 B C:\Users\Kevin\Google Drive\BiiEmergenseeWeb\Bii Web\BiiEmergenSEE\js\rs-plugin\assets\WS_FTP.LOG --> firstfamilyalert.com /js/rs-plugin/assets WS_FTP.LOG
2015.01.25 17:14 B C:\Users\Kevin\Google Drive\BiiEmergenseeWeb\Bii Web\BiiEmergenSEE\js\rs-plugin\assets\arrow_large_left.png --> firstfamilyalert.com /js/rs-plugin/assets arrow_large_left.png
2015.01.25 17:14 B C:\Users\Kevin\Google Drive\BiiEmergenseeWeb\Bii Web\BiiEmergenSEE\js\rs-plugin\assets\arrow_large_right.png --> firstfamilyalert.com /js/rs-plugin/assets arrow_large_right.png
2015.01.25 17:14 B C:\Users\Kevin\Google Drive\BiiEmergenseeWeb\Bii Web\BiiEmergenSEE\js\rs-plugin\assets\arrow_left.png --> firstfamilyalert.com /js/rs-plugin/assets arrow_left.png
2015.01.25 17:14 B C:\Users\Kevin\Google Drive\BiiEmergenseeWeb\Bii Web\BiiEmergenSEE\js\rs-plugin\assets\arrow_left2.png --> firstfamilyalert.com /js/rs-plugin/assets arrow_left2.png
2015.01.25 17:14 B C:\Users\Kevin\Google Drive\BiiEmergenseeWeb\Bii Web\BiiEmergenSEE\js\rs-plugin\assets\arrow_right.png --> firstfamilyalert.com /js/rs-plugin/assets arrow_right.png
2015.01.25 17:14 B C:\Users\Kevin\Google Drive\BiiEmergenseeWeb\Bii Web\BiiEmergenSEE\js\rs-plugin\assets\arrow_right2.png --> firstfamilyalert.com /js/rs-plugin/assets arrow_right2.png
2015.01.25 17:14 B C:\Users\Kevin\Google Drive\BiiEmergenseeWeb\Bii Web\BiiEmergenSEE\js\rs-plugin\assets\arrowleft.png --> firstfamilyalert.com /js/rs-plugin/assets arrowleft.png
2015.01.25 17:14 B C:\Users\Kevin\Google Drive\BiiEmergenseeWeb\Bii Web\BiiEmergenSEE\js\rs-plugin\assets\arrowright.png --> firstfamilyalert.com /js/rs-plugin/assets arrowright.png
2015.01.25 17:14 B C:\Users\Kevin\Google Drive\BiiEmergenseeWeb\Bii Web\BiiEmergenSEE\js\rs-plugin\assets\arrows.psd --> firstfamilyalert.com /js/rs-plugin/assets arrows.psd
2015.01.25 17:14 B C:\Users\Kevin\Google Drive\BiiEmergenseeWeb\Bii Web\BiiEmergenSEE\js\rs-plugin\assets\black50.png --> firstfamilyalert.com /js/rs-plugin/assets black50.png
2015.01.25 17:14 B C:\Users\Kevin\Google Drive\BiiEmergenseeWeb\Bii Web\BiiEmergenSEE\js\rs-plugin\assets\boxed_bgtile.png --> firstfamilyalert.com /js/rs-plugin/assets boxed_bgtile.png
2015.01.25 17:14 B C:\Users\Kevin\Google Drive\BiiEmergenseeWeb\Bii Web\BiiEmergenSEE\js\rs-plugin\assets\bullet.png --> firstfamilyalert.com /js/rs-plugin/assets bullet.png
2015.01.25 17:14 B C:\Users\Kevin\Google Drive\BiiEmergenseeWeb\Bii Web\BiiEmergenSEE\js\rs-plugin\assets\bullet_boxed.png --> firstfamilyalert.com /js/rs-plugin/assets bullet_boxed.png
2015.01.25 17:14 B C:\Users\Kevin\Google Drive\BiiEmergenseeWeb\Bii Web\BiiEmergenSEE\js\rs-plugin\assets\bullets.png --> firstfamilyalert.com /js/rs-plugin/assets bullets.png
2015.01.25 17:14 B C:\Users\Kevin\Google Drive\BiiEmergenseeWeb\Bii Web\BiiEmergenSEE\js\rs-plugin\assets\bullets.psd --> firstfamilyalert.com /js/rs-plugin/assets bullets.psd
2015.01.25 17:14 B C:\Users\Kevin\Google Drive\BiiEmergenseeWeb\Bii Web\BiiEmergenSEE\js\rs-plugin\assets\bullets2.png --> firstfamilyalert.com /js/rs-plugin/assets bullets2.png
2015.01.25 17:14 B C:\Users\Kevin\Google Drive\BiiEmergenseeWeb\Bii Web\BiiEmergenSEE\js\rs-plugin\assets\coloredbg.png --> firstfamilyalert.com /js/rs-plugin/assets coloredbg.png
2015.01.25 17:14 B C:\Users\Kevin\Google Drive\BiiEmergenseeWeb\Bii Web\BiiEmergenSEE\js\rs-plugin\assets\desktop.ini --> firstfamilyalert.com /js/rs-plugin/assets desktop.ini
2015.01.25 17:14 B C:\Users\Kevin\Google Drive\BiiEmergenseeWeb\Bii Web\BiiEmergenSEE\js\rs-plugin\assets\grain.png --> firstfamilyalert.com /js/rs-plugin/assets grain.png
2015.01.25 17:14 B C:\Users\Kevin\Google Drive\BiiEmergenseeWeb\Bii Web\BiiEmergenSEE\js\rs-plugin\assets\gridtile.png --> firstfamilyalert.com /js/rs-plugin/assets gridtile.png
2015.01.25 17:14 B C:\Users\Kevin\Google Drive\BiiEmergenseeWeb\Bii Web\BiiEmergenSEE\js\rs-plugin\assets\gridtile_3x3.png --> firstfamilyalert.com /js/rs-plugin/assets gridtile_3x3.png
2015.01.25 17:14 B C:\Users\Kevin\Google Drive\BiiEmergenseeWeb\Bii Web\BiiEmergenSEE\js\rs-plugin\assets\gridtile_3x3_white.png --> firstfamilyalert.com /js/rs-plugin/assets gridtile_3x3_white.png
2015.01.25 17:14 B C:\Users\Kevin\Google Drive\BiiEmergenseeWeb\Bii Web\BiiEmergenSEE\js\rs-plugin\assets\gridtile_white.png --> firstfamilyalert.com /js/rs-plugin/assets gridtile_white.png
2015.01.25 17:14 B C:\Users\Kevin\Google Drive\BiiEmergenseeWeb\Bii Web\BiiEmergenSEE\js\rs-plugin\assets\large_left.png --> firstfamilyalert.com /js/rs-plugin/assets large_left.png
2015.01.25 17:14 B C:\Users\Kevin\Google Drive\BiiEmergenseeWeb\Bii Web\BiiEmergenSEE\js\rs-plugin\assets\large_right.png --> firstfamilyalert.com /js/rs-plugin/assets large_right.png
2015.01.25 17:14 B C:\Users\Kevin\Google Drive\BiiEmergenseeWeb\Bii Web\BiiEmergenSEE\js\rs-plugin\assets\loader.gif --> firstfamilyalert.com /js/rs-plugin/assets loader.gif
2015.01.25 17:14 B C:\Users\Kevin\Google Drive\BiiEmergenseeWeb\Bii Web\BiiEmergenSEE\js\rs-plugin\assets\loader2.gif --> firstfamilyalert.com /js/rs-plugin/assets loader2.gif
2015.01.25 17:14 B C:\Users\Kevin\Google Drive\BiiEmergenseeWeb\Bii Web\BiiEmergenSEE\js\rs-plugin\assets\navigdots.png --> firstfamilyalert.com /js/rs-plugin/assets navigdots.png
2015.01.25 17:14 B C:\Users\Kevin\Google Drive\BiiEmergenseeWeb\Bii Web\BiiEmergenSEE\js\rs-plugin\assets\navigdots_bgtile.png --> firstfamilyalert.com /js/rs-plugin/assets navigdots_bgtile.png
2015.01.25 17:14 B C:\Users\Kevin\Google Drive\BiiEmergenseeWeb\Bii Web\BiiEmergenSEE\js\rs-plugin\assets\shadow1.png --> firstfamilyalert.com /js/rs-plugin/assets shadow1.png
2015.01.25 17:14 B C:\Users\Kevin\Google Drive\BiiEmergenseeWeb\Bii Web\BiiEmergenSEE\js\rs-plugin\assets\shadow2.png --> firstfamilyalert.com /js/rs-plugin/assets shadow2.png
2015.01.25 17:14 B C:\Users\Kevin\Google Drive\BiiEmergenseeWeb\Bii Web\BiiEmergenSEE\js\rs-plugin\assets\shadow3.png --> firstfamilyalert.com /js/rs-plugin/assets shadow3.png
2015.01.25 17:14 B C:\Users\Kevin\Google Drive\BiiEmergenseeWeb\Bii Web\BiiEmergenSEE\js\rs-plugin\assets\small_arrows.psd --> firstfamilyalert.com /js/rs-plugin/assets small_arrows.psd
2015.01.25 17:14 B C:\Users\Kevin\Google Drive\BiiEmergenseeWeb\Bii Web\BiiEmergenSEE\js\rs-plugin\assets\small_left.png --> firstfamilyalert.com /js/rs-plugin/assets small_left.png
2015.01.25 17:14 B C:\Users\Kevin\Google Drive\BiiEmergenseeWeb\Bii Web\BiiEmergenSEE\js\rs-plugin\assets\small_left_boxed.png --> firstfamilyalert.com /js/rs-plugin/assets small_left_boxed.png
2015.01.25 17:14 B C:\Users\Kevin\Google Drive\BiiEmergenseeWeb\Bii Web\BiiEmergenSEE\js\rs-plugin\assets\small_right.png --> firstfamilyalert.com /js/rs-plugin/assets small_right.png
2015.01.25 17:14 B C:\Users\Kevin\Google Drive\BiiEmergenseeWeb\Bii Web\BiiEmergenSEE\js\rs-plugin\assets\small_right_boxed.png --> firstfamilyalert.com /js/rs-plugin/assets small_right_boxed.png
2015.01.25 17:14 B C:\Users\Kevin\Google Drive\BiiEmergenseeWeb\Bii Web\BiiEmergenSEE\js\rs-plugin\assets\timer.png --> firstfamilyalert.com /js/rs-plugin/assets timer.png
2015.01.25 17:14 B C:\Users\Kevin\Google Drive\BiiEmergenseeWeb\Bii Web\BiiEmergenSEE\js\rs-plugin\assets\timerdot.png --> firstfamilyalert.com /js/rs-plugin/assets timerdot.png
2015.01.25 17:14 B C:\Users\Kevin\Google Drive\BiiEmergenseeWeb\Bii Web\BiiEmergenSEE\js\rs-plugin\assets\transparent.jpg --> firstfamilyalert.com /js/rs-plugin/assets transparent.jpg
2015.01.25 17:14 B C:\Users\Kevin\Google Drive\BiiEmergenseeWeb\Bii Web\BiiEmergenSEE\js\rs-plugin\assets\white50.png --> firstfamilyalert.com /js/rs-plugin/assets white50.png
2015.01.25 21:15 B C:\Users\Kevin\Google Drive\BiiEmergenseeWeb\Bii Web\BiiEmergenSEE\js\rs-plugin\assets\WS_FTP.LOG <-- Kevin /js/rs-plugin/assets WS_FTP.LOG
